"../../../Engine/Content/EditorResources/S_Actor.ubulk" 0
"../../../Engine/Content/EditorResources/S_Actor.uasset" 1
"../../../Engine/Content/EditorResources/S_Actor.uexp" 2
"../../../Engine/Content/EditorResources/S_BoxReflectionCapture.uasset" 3
"../../../Engine/Content/EditorResources/S_BoxReflectionCapture.uexp" 4
"../../../Engine/Content/EngineResources/DefaultTexture.ubulk" 5
"../../../Engine/Content/EngineResources/DefaultTexture.uasset" 6
"../../../Engine/Content/EngineResources/DefaultTexture.uexp" 7
"../../../Engine/Content/EngineResources/DefaultTextureCube.uasset" 8
"../../../Engine/Content/EngineResources/DefaultTextureCube.uexp" 9
"../../../Engine/Content/EngineResources/DefaultVolumeTexture2D.uasset" 10
"../../../Engine/Content/EngineResources/DefaultVolumeTexture2D.uexp" 11
"../../../Engine/Content/EngineResources/DefaultVolumeTexture.uasset" 12
"../../../Engine/Content/EngineResources/DefaultVolumeTexture.uexp" 13
"../../../Engine/Content/EditorResources/S_Trigger.ubulk" 14
"../../../Engine/Content/EditorResources/S_Trigger.uasset" 15
"../../../Engine/Content/EditorResources/S_Trigger.uexp" 16
"../../../Engine/Content/EditorResources/S_TriggerBox.uasset" 17
"../../../Engine/Content/EditorResources/S_TriggerBox.uexp" 18
"../../../Engine/Content/EditorResources/S_TriggerCapsule.uasset" 19
"../../../Engine/Content/EditorResources/S_TriggerCapsule.uexp" 20
"../../../Engine/Content/EditorResources/S_TriggerSphere.uasset" 21
"../../../Engine/Content/EditorResources/S_TriggerSphere.uexp" 22
"../../../Engine/Content/EngineMeshes/Sphere.uasset" 23
"../../../Engine/Content/EngineMeshes/Sphere.uexp" 24
"../../../Engine/Content/EngineResources/GradientTexture0.uasset" 25
"../../../Engine/Content/EngineResources/GradientTexture0.uexp" 26
"../../../Engine/Content/EngineResources/Black.uasset" 27
"../../../Engine/Content/EngineResources/Black.uexp" 28
"../../../Engine/Content/VREditor/LaserPointer/VR_LaserPower_01.ubulk" 29
"../../../Engine/Content/VREditor/LaserPointer/VR_LaserPower_01.uasset" 30
"../../../Engine/Content/VREditor/LaserPointer/VR_LaserPower_01.uexp" 31
"../../../Engine/Content/VREditor/TransformGizmo/TransformGizmoMaterial.uasset" 32
"../../../Engine/Content/VREditor/TransformGizmo/TransformGizmoMaterial.uexp" 33
"../../../Engine/Content/VREditor/TransformGizmo/TranslucentTransformGizmoMaterial.uasset" 34
"../../../Engine/Content/VREditor/TransformGizmo/TranslucentTransformGizmoMaterial.uexp" 35
"../../../Engine/Content/VREditor/TransformGizmo/PlaneTranslationHandle.uasset" 36
"../../../Engine/Content/VREditor/TransformGizmo/PlaneTranslationHandle.uexp" 37
"../../../Engine/Content/VREditor/TransformGizmo/BoundingBoxCorner.uasset" 38
"../../../Engine/Content/VREditor/TransformGizmo/BoundingBoxCorner.uexp" 39
"../../../Engine/Content/VREditor/TransformGizmo/BoundingBoxEdge.uasset" 40
"../../../Engine/Content/VREditor/TransformGizmo/BoundingBoxEdge.uexp" 41
"../../../Engine/Content/VREditor/TransformGizmo/Main.uasset" 42
"../../../Engine/Content/VREditor/TransformGizmo/Main.uexp" 43
"../../../Engine/Content/VREditor/TransformGizmo/Xray.uasset" 44
"../../../Engine/Content/VREditor/TransformGizmo/Xray.uexp" 45
"../../../Engine/Content/VREditor/TransformGizmo/SM_Sequencer_Node.uasset" 46
"../../../Engine/Content/VREditor/TransformGizmo/SM_Sequencer_Node.uexp" 47
"../../../Engine/Content/EditorMaterials/Camera/CineMat.uasset" 48
"../../../Engine/Content/EditorMaterials/Camera/CineMat.uexp" 49
"../../../Engine/Content/EditorMaterials/Camera/MI_CineMat_Rig.uasset" 50
"../../../Engine/Content/EditorMaterials/Camera/MI_CineMat_Rig.uexp" 51
"../../../Engine/Content/EditorMeshes/Camera/SM_CraneRig_Base.uasset" 52
"../../../Engine/Content/EditorMeshes/Camera/SM_CraneRig_Base.uexp" 53
"../../../Engine/Content/EditorMeshes/Camera/SM_CraneRig_Arm.uasset" 54
"../../../Engine/Content/EditorMeshes/Camera/SM_CraneRig_Arm.uexp" 55
"../../../Engine/Content/EditorMeshes/Camera/SM_CraneRig_Mount.uasset" 56
"../../../Engine/Content/EditorMeshes/Camera/SM_CraneRig_Mount.uexp" 57
"../../../Engine/Content/EditorMeshes/Camera/SM_CraneRig_Body.uasset" 58
"../../../Engine/Content/EditorMeshes/Camera/SM_CraneRig_Body.uexp" 59
"../../../Engine/Content/EditorMeshes/Camera/SM_RailRig_Track.uasset" 60
"../../../Engine/Content/EditorMeshes/Camera/SM_RailRig_Track.uexp" 61
"../../../Engine/Content/EditorMeshes/Camera/SM_RailRig_Mount.uasset" 62
"../../../Engine/Content/EditorMeshes/Camera/SM_RailRig_Mount.uexp" 63
"../../../Engine/Content/EngineMaterials/T_Default_Material_Grid_M.ubulk" 64
"../../../Engine/Content/EngineMaterials/T_Default_Material_Grid_M.uasset" 65
"../../../Engine/Content/EngineMaterials/T_Default_Material_Grid_M.uexp" 66
"../../../Engine/Content/EngineMaterials/T_Default_Material_Grid_N.ubulk" 67
"../../../Engine/Content/EngineMaterials/T_Default_Material_Grid_N.uasset" 68
"../../../Engine/Content/EngineMaterials/T_Default_Material_Grid_N.uexp" 69
"../../../Engine/Content/Functions/Engine_MaterialFunctions01/Opacity/CameraDepthFade.uasset" 70
"../../../Engine/Content/Functions/Engine_MaterialFunctions01/Opacity/CameraDepthFade.uexp" 71
"../../../Engine/Content/EngineMaterials/WorldGridMaterial.uasset" 72
"../../../Engine/Content/EngineMaterials/WorldGridMaterial.uexp" 73
"../../../Engine/Content/ArtTools/RenderToTexture/Meshes/S_1_Unit_Plane.uasset" 74
"../../../Engine/Content/ArtTools/RenderToTexture/Meshes/S_1_Unit_Plane.uexp" 75
"../../../Engine/Content/EditorMaterials/ParticleSystems/PSysThumbnail_NoImage.ubulk" 76
"../../../Engine/Content/EditorMaterials/ParticleSystems/PSysThumbnail_NoImage.uasset" 77
"../../../Engine/Content/EditorMaterials/ParticleSystems/PSysThumbnail_NoImage.uexp" 78
"../../../Engine/Content/EditorMaterials/ParticleSystems/PSysThumbnail_OOD.ubulk" 79
"../../../Engine/Content/EditorMaterials/ParticleSystems/PSysThumbnail_OOD.uasset" 80
"../../../Engine/Content/EditorMaterials/ParticleSystems/PSysThumbnail_OOD.uexp" 81
"../../../Engine/Content/EditorLandscapeResources/SplineEditorMeshMat.uasset" 82
"../../../Engine/Content/EditorLandscapeResources/SplineEditorMeshMat.uexp" 83
"../../../Engine/Content/EditorLandscapeResources/SplineEditorMesh.uasset" 84
"../../../Engine/Content/EditorLandscapeResources/SplineEditorMesh.uexp" 85
"../../../Engine/Content/EditorResources/S_Solver.ubulk" 86
"../../../Engine/Content/EditorResources/S_Solver.uasset" 87
"../../../Engine/Content/EditorResources/S_Solver.uexp" 88
"../../../Engine/Plugins/Media/MediaPlate/Content/SM_MediaPlateScreen.uasset" 89
"../../../Engine/Plugins/Media/MediaPlate/Content/SM_MediaPlateScreen.uexp" 90
"../../../Engine/Content/EngineMaterials/Good64x64TilingNoiseHighFreq.uasset" 91
"../../../Engine/Content/EngineMaterials/Good64x64TilingNoiseHighFreq.uexp" 92
"../../../Engine/Content/EngineMaterials/DefaultBokeh.uasset" 93
"../../../Engine/Content/EngineMaterials/DefaultBokeh.uexp" 94
"../../../Engine/Content/EngineMaterials/PreintegratedSkinBRDF.uasset" 95
"../../../Engine/Content/EngineMaterials/PreintegratedSkinBRDF.uexp" 96
"../../../Engine/Content/EngineMaterials/MiniFont.uasset" 97
"../../../Engine/Content/EngineMaterials/MiniFont.uexp" 98
"../../../Engine/Content/EngineMaterials/WeightMapPlaceholderTexture.uasset" 99
"../../../Engine/Content/EngineMaterials/WeightMapPlaceholderTexture.uexp" 100
"../../../Engine/Content/EngineMaterials/DefaultWhiteGrid.ubulk" 101
"../../../Engine/Content/EngineMaterials/DefaultWhiteGrid.uasset" 102
"../../../Engine/Content/EngineMaterials/DefaultWhiteGrid.uexp" 103
"../../../Engine/Plugins/2D/Paper2D/Content/PlaceholderTextures/DummySpriteTexture.ubulk" 104
"../../../Engine/Plugins/2D/Paper2D/Content/PlaceholderTextures/DummySpriteTexture.uasset" 105
"../../../Engine/Plugins/2D/Paper2D/Content/PlaceholderTextures/DummySpriteTexture.uexp" 106
"../../../Engine/Plugins/2D/Paper2D/Content/DefaultSpriteMaterial.uasset" 107
"../../../Engine/Plugins/2D/Paper2D/Content/DefaultSpriteMaterial.uexp" 108
"../../../Engine/Plugins/2D/Paper2D/Content/OpaqueUnlitSpriteMaterial.uasset" 109
"../../../Engine/Plugins/2D/Paper2D/Content/OpaqueUnlitSpriteMaterial.uexp" 110
"../../../Engine/Plugins/2D/Paper2D/Content/MaskedUnlitSpriteMaterial.uasset" 111
"../../../Engine/Plugins/2D/Paper2D/Content/MaskedUnlitSpriteMaterial.uexp" 112
"../../../Engine/Plugins/2D/Paper2D/Content/DummySprite.uasset" 113
"../../../Engine/Plugins/2D/Paper2D/Content/DummySprite.uexp" 114
"../../../Engine/Plugins/2D/Paper2D/Content/DefaultPaperTerrainMaterial.uasset" 115
"../../../Engine/Plugins/2D/Paper2D/Content/DefaultPaperTerrainMaterial.uexp" 116
"../../../Engine/Content/Functions/Engine_MaterialFunctions02/WorldPositionOffset/CameraOffset.uasset" 117
"../../../Engine/Content/Functions/Engine_MaterialFunctions02/WorldPositionOffset/CameraOffset.uexp" 118
"../../../Engine/Plugins/Animation/ControlRig/Content/M_Manip.uasset" 119
"../../../Engine/Plugins/Animation/ControlRig/Content/M_Manip.uexp" 120
"E:/Epic Games/project/AndroidGame/Content/Levels/FirstPersonMap_BuiltData.ubulk" 121
"E:/Epic Games/project/AndroidGame/Content/Levels/FirstPersonMap_BuiltData.uasset" 122
"E:/Epic Games/project/AndroidGame/Content/Levels/FirstPersonMap_BuiltData.uexp" 123
"../../../Engine/Content/EngineMaterials/DefaultMaterial.uasset" 124
"../../../Engine/Content/EngineMaterials/DefaultMaterial.uexp" 125
"../../../Engine/Content/BasicShapes/Sphere.uasset" 126
"../../../Engine/Content/BasicShapes/Sphere.uexp" 127
"../../../Engine/Content/BasicShapes/Plane.uasset" 128
"../../../Engine/Content/BasicShapes/Plane.uexp" 129
"../../../Engine/Content/BasicShapes/Cylinder.uasset" 130
"../../../Engine/Content/BasicShapes/Cylinder.uexp" 131
"../../../Engine/Content/BasicShapes/Cube.uasset" 132
"../../../Engine/Content/BasicShapes/Cube.uexp" 133
"../../../Engine/Content/BasicShapes/Cone.uasset" 134
"../../../Engine/Content/BasicShapes/Cone.uexp" 135
"../../../Engine/Content/EngineFonts/Faces/RobotoLight.uexp" 136
"../../../Engine/Content/EngineFonts/Faces/RobotoLight.uasset" 137
"../../../Engine/Content/EngineFonts/Faces/RobotoLight.ufont" 138
"../../../Engine/Content/EngineFonts/Faces/RobotoBold.uexp" 139
"../../../Engine/Content/EngineFonts/Faces/RobotoBold.uasset" 140
"../../../Engine/Content/EngineFonts/Faces/RobotoBold.ufont" 141
"../../../Engine/Content/EngineFonts/Faces/RobotoRegular.uexp" 142
"../../../Engine/Content/EngineFonts/Faces/RobotoRegular.uasset" 143
"../../../Engine/Content/EngineFonts/Faces/RobotoRegular.ufont" 144
"../../../Engine/Content/EngineFonts/Faces/DroidSansFallback.uexp" 145
"../../../Engine/Content/EngineFonts/Faces/DroidSansFallback.uasset" 146
"../../../Engine/Content/EngineFonts/Faces/DroidSansFallback.ufont" 147
"../../../Engine/Content/EngineFonts/Faces/RobotoItalic.uexp" 148
"../../../Engine/Content/EngineFonts/Faces/RobotoItalic.uasset" 149
"../../../Engine/Content/EngineFonts/Faces/RobotoItalic.ufont" 150
"../../../Engine/Content/EngineFonts/Faces/RobotoBoldItalic.uexp" 151
"../../../Engine/Content/EngineFonts/Faces/RobotoBoldItalic.uasset" 152
"../../../Engine/Content/EngineFonts/Faces/RobotoBoldItalic.ufont" 153
"../../../Engine/Content/EngineFonts/Roboto.uasset" 154
"../../../Engine/Content/EngineFonts/Roboto.uexp" 155
"../../../Engine/Content/Functions/Engine_MaterialFunctions02/Utility/CameraDirectionVector.uasset" 156
"../../../Engine/Content/Functions/Engine_MaterialFunctions02/Utility/CameraDirectionVector.uexp" 157
"../../../Engine/Content/EngineDebugMaterials/VolumeToRender.uasset" 158
"../../../Engine/Content/EngineDebugMaterials/VolumeToRender.uexp" 159
"../../../Engine/Content/EngineDebugMaterials/M_VolumeRenderSphereTracePP.uasset" 160
"../../../Engine/Content/EngineDebugMaterials/M_VolumeRenderSphereTracePP.uexp" 161
"../../../Engine/Content/EngineDebugMaterials/M_SimpleUnlitTranslucent.uasset" 162
"../../../Engine/Content/EngineDebugMaterials/M_SimpleUnlitTranslucent.uexp" 163
"../../../Engine/Plugins/Editor/SpeedTreeImporter/Content/SpeedTree9/game_wind_noise.ubulk" 164
"../../../Engine/Plugins/Editor/SpeedTreeImporter/Content/SpeedTree9/game_wind_noise.uasset" 165
"../../../Engine/Plugins/Editor/SpeedTreeImporter/Content/SpeedTree9/game_wind_noise.uexp" 166
"../../../Engine/Plugins/Editor/SpeedTreeImporter/Content/SpeedTree9/UnpackDirection.uasset" 167
"../../../Engine/Plugins/Editor/SpeedTreeImporter/Content/SpeedTree9/UnpackDirection.uexp" 168
"../../../Engine/Content/Functions/Engine_MaterialFunctions02/ObjectLocalBounds.uasset" 169
"../../../Engine/Content/Functions/Engine_MaterialFunctions02/ObjectLocalBounds.uexp" 170
"../../../Engine/Content/Functions/Engine_MaterialFunctions02/Utility/BreakOutFloat3Components.uasset" 171
"../../../Engine/Content/Functions/Engine_MaterialFunctions02/Utility/BreakOutFloat3Components.uexp" 172
"../../../Engine/Content/Functions/Engine_MaterialFunctions02/UVs/BoundingBoxBased_0-1_UVW.uasset" 173
"../../../Engine/Content/Functions/Engine_MaterialFunctions02/UVs/BoundingBoxBased_0-1_UVW.uexp" 174
"../../../Engine/Content/Functions/Engine_MaterialFunctions02/Utility/VectorLength.uasset" 175
"../../../Engine/Content/Functions/Engine_MaterialFunctions02/Utility/VectorLength.uexp" 176
"../../../Engine/Plugins/Editor/SpeedTreeImporter/Content/SpeedTree9/UnpackInteger3.uasset" 177
"../../../Engine/Plugins/Editor/SpeedTreeImporter/Content/SpeedTree9/UnpackInteger3.uexp" 178
"../../../Engine/Plugins/Editor/SpeedTreeImporter/Content/SpeedTree9/SpeedTreeCameraFacing.uasset" 179
"../../../Engine/Plugins/Editor/SpeedTreeImporter/Content/SpeedTree9/SpeedTreeCameraFacing.uexp" 180
"../../../Engine/Content/Functions/Engine_MaterialFunctions02/WorldPositionOffset/ObjectScale.uasset" 181
"../../../Engine/Content/Functions/Engine_MaterialFunctions02/WorldPositionOffset/ObjectScale.uexp" 182
"../../../Engine/Content/Functions/Engine_MaterialFunctions02/SafeNormalize.uasset" 183
"../../../Engine/Content/Functions/Engine_MaterialFunctions02/SafeNormalize.uexp" 184
"../../../Engine/Plugins/Editor/SpeedTreeImporter/Content/SpeedTree9/SpeedTreeWindMotion.uasset" 185
"../../../Engine/Plugins/Editor/SpeedTreeImporter/Content/SpeedTree9/SpeedTreeWindMotion.uexp" 186
"../../../Engine/Plugins/Editor/SpeedTreeImporter/Content/SpeedTree9/SpeedTreeBranchMotion.uasset" 187
"../../../Engine/Plugins/Editor/SpeedTreeImporter/Content/SpeedTree9/SpeedTreeBranchMotion.uexp" 188
"../../../Engine/Plugins/Editor/SpeedTreeImporter/Content/SpeedTree9/SpeedTreeWind.uasset" 189
"../../../Engine/Plugins/Editor/SpeedTreeImporter/Content/SpeedTree9/SpeedTreeWind.uexp" 190
"../../../Engine/Plugins/Editor/SpeedTreeImporter/Content/SpeedTree9/EmptyNormal.uasset" 191
"../../../Engine/Plugins/Editor/SpeedTreeImporter/Content/SpeedTree9/EmptyNormal.uexp" 192
"../../../Engine/Plugins/Editor/SpeedTreeImporter/Content/SpeedTree9/Empty.uasset" 193
"../../../Engine/Plugins/Editor/SpeedTreeImporter/Content/SpeedTree9/Empty.uexp" 194
"../../../Engine/Plugins/Editor/SpeedTreeImporter/Content/SpeedTree9/SpeedTreeMaster.uasset" 195
"../../../Engine/Plugins/Editor/SpeedTreeImporter/Content/SpeedTree9/SpeedTreeMaster.uexp" 196
"../../../Engine/Plugins/Editor/SpeedTreeImporter/Content/SpeedTree9/SpeedTreeBillboard.uasset" 197
"../../../Engine/Plugins/Editor/SpeedTreeImporter/Content/SpeedTree9/SpeedTreeBillboard.uexp" 198
"../../../Engine/Plugins/Editor/SpeedTreeImporter/Content/SpeedTree9/SpeedTreeBillboardMaster.uasset" 199
"../../../Engine/Plugins/Editor/SpeedTreeImporter/Content/SpeedTree9/SpeedTreeBillboardMaster.uexp" 200
"../../../Engine/Plugins/Runtime/MeshModelingToolset/Content/Materials/M_DynamicMeshComponentVtxColor.uasset" 201
"../../../Engine/Plugins/Runtime/MeshModelingToolset/Content/Materials/M_DynamicMeshComponentVtxColor.uexp" 202
"../../../Engine/Plugins/Interchange/Runtime/Content/Pipelines/DefaultTexturePipeline.uasset" 203
"../../../Engine/Plugins/Interchange/Runtime/Content/Pipelines/DefaultTexturePipeline.uexp" 204
"../../../Engine/Plugins/Interchange/Runtime/Content/Pipelines/DefaultSceneLevelPipeline.uasset" 205
"../../../Engine/Plugins/Interchange/Runtime/Content/Pipelines/DefaultSceneLevelPipeline.uexp" 206
"../../../Engine/Plugins/Interchange/Runtime/Content/Pipelines/DefaultSceneAssetsPipeline.uasset" 207
"../../../Engine/Plugins/Interchange/Runtime/Content/Pipelines/DefaultSceneAssetsPipeline.uexp" 208
"../../../Engine/Plugins/Interchange/Runtime/Content/Pipelines/DefaultMaterialPipeline.uasset" 209
"../../../Engine/Plugins/Interchange/Runtime/Content/Pipelines/DefaultMaterialPipeline.uexp" 210
"../../../Engine/Plugins/Interchange/Runtime/Content/Pipelines/DefaultAssetsPipeline.uasset" 211
"../../../Engine/Plugins/Interchange/Runtime/Content/Pipelines/DefaultAssetsPipeline.uexp" 212
"../../../Engine/Plugins/Animation/ControlRig/Content/Controls/DefaultGizmoLibraryNormalized.uasset" 213
"../../../Engine/Plugins/Animation/ControlRig/Content/Controls/DefaultGizmoLibraryNormalized.uexp" 214
"../../../Engine/Plugins/Animation/ControlRig/Content/Controls/ControlRig_Wedge_solid.uasset" 215
"../../../Engine/Plugins/Animation/ControlRig/Content/Controls/ControlRig_Wedge_solid.uexp" 216
"../../../Engine/Plugins/Animation/ControlRig/Content/Controls/ControlRig_Wedge_3mm.uasset" 217
"../../../Engine/Plugins/Animation/ControlRig/Content/Controls/ControlRig_Wedge_3mm.uexp" 218
"../../../Engine/Plugins/Animation/ControlRig/Content/Controls/ControlRig_Wedge_1mm.uasset" 219
"../../../Engine/Plugins/Animation/ControlRig/Content/Controls/ControlRig_Wedge_1mm.uexp" 220
"../../../Engine/Plugins/Animation/ControlRig/Content/Controls/ControlRig_Triangle_solid.uasset" 221
"../../../Engine/Plugins/Animation/ControlRig/Content/Controls/ControlRig_Triangle_solid.uexp" 222
"../../../Engine/Plugins/Animation/ControlRig/Content/Controls/ControlRig_Triangle_3mm.uasset" 223
"../../../Engine/Plugins/Animation/ControlRig/Content/Controls/ControlRig_Triangle_3mm.uexp" 224
"../../../Engine/Plugins/Animation/ControlRig/Content/Controls/ControlRig_Triangle_1mm.uasset" 225
"../../../Engine/Plugins/Animation/ControlRig/Content/Controls/ControlRig_Triangle_1mm.uexp" 226
"../../../Engine/Plugins/Animation/ControlRig/Content/Controls/ControlRig_Star4_solid.uasset" 227
"../../../Engine/Plugins/Animation/ControlRig/Content/Controls/ControlRig_Star4_solid.uexp" 228
"../../../Engine/Plugins/Animation/ControlRig/Content/Controls/ControlRig_Star4_3mm.uasset" 229
"../../../Engine/Plugins/Animation/ControlRig/Content/Controls/ControlRig_Star4_3mm.uexp" 230
"../../../Engine/Plugins/Animation/ControlRig/Content/Controls/ControlRig_Star4_1mm.uasset" 231
"../../../Engine/Plugins/Animation/ControlRig/Content/Controls/ControlRig_Star4_1mm.uexp" 232
"../../../Engine/Plugins/Animation/ControlRig/Content/Controls/ControlRig_Square_solid.uasset" 233
"../../../Engine/Plugins/Animation/ControlRig/Content/Controls/ControlRig_Square_solid.uexp" 234
"../../../Engine/Plugins/Animation/ControlRig/Content/Controls/ControlRig_Square_3mm.uasset" 235
"../../../Engine/Plugins/Animation/ControlRig/Content/Controls/ControlRig_Square_3mm.uexp" 236
"../../../Engine/Plugins/Animation/ControlRig/Content/Controls/ControlRig_Square_1mm.uasset" 237
"../../../Engine/Plugins/Animation/ControlRig/Content/Controls/ControlRig_Square_1mm.uexp" 238
"../../../Engine/Plugins/Animation/ControlRig/Content/Controls/ControlRig_Sphere_solid.uasset" 239
"../../../Engine/Plugins/Animation/ControlRig/Content/Controls/ControlRig_Sphere_solid.uexp" 240
"../../../Engine/Plugins/Animation/ControlRig/Content/Controls/ControlRig_Sphere_3mm.uasset" 241
"../../../Engine/Plugins/Animation/ControlRig/Content/Controls/ControlRig_Sphere_3mm.uexp" 242
"../../../Engine/Plugins/Animation/ControlRig/Content/Controls/ControlRig_Sphere_1mm.uasset" 243
"../../../Engine/Plugins/Animation/ControlRig/Content/Controls/ControlRig_Sphere_1mm.uexp" 244
"../../../Engine/Plugins/Animation/ControlRig/Content/Controls/ControlRig_RoundedTriangle_solid.uasset" 245
"../../../Engine/Plugins/Animation/ControlRig/Content/Controls/ControlRig_RoundedTriangle_solid.uexp" 246
"../../../Engine/Plugins/Animation/ControlRig/Content/Controls/ControlRig_RoundedTriangle_3mm.uasset" 247
"../../../Engine/Plugins/Animation/ControlRig/Content/Controls/ControlRig_RoundedTriangle_3mm.uexp" 248
"../../../Engine/Plugins/Animation/ControlRig/Content/Controls/ControlRig_RoundedTriangle_1mm.uasset" 249
"../../../Engine/Plugins/Animation/ControlRig/Content/Controls/ControlRig_RoundedTriangle_1mm.uexp" 250
"../../../Engine/Plugins/Animation/ControlRig/Content/Controls/ControlRig_RoundedSquare_solid.uasset" 251
"../../../Engine/Plugins/Animation/ControlRig/Content/Controls/ControlRig_RoundedSquare_solid.uexp" 252
"../../../Engine/Plugins/Animation/ControlRig/Content/Controls/ControlRig_RoundedSquare_3mm.uasset" 253
"../../../Engine/Plugins/Animation/ControlRig/Content/Controls/ControlRig_RoundedSquare_3mm.uexp" 254
"../../../Engine/Plugins/Animation/ControlRig/Content/Controls/ControlRig_RoundedSquare_1mm.uasset" 255
"../../../Engine/Plugins/Animation/ControlRig/Content/Controls/ControlRig_RoundedSquare_1mm.uexp" 256
"../../../Engine/Plugins/Animation/ControlRig/Content/Controls/ControlRig_QuarterCircle_solid.uasset" 257
"../../../Engine/Plugins/Animation/ControlRig/Content/Controls/ControlRig_QuarterCircle_solid.uexp" 258
"../../../Engine/Plugins/Animation/ControlRig/Content/Controls/ControlRig_QuarterCircle_3mm.uasset" 259
"../../../Engine/Plugins/Animation/ControlRig/Content/Controls/ControlRig_QuarterCircle_3mm.uexp" 260
"../../../Engine/Plugins/Animation/ControlRig/Content/Controls/ControlRig_QuarterCircle_1mm.uasset" 261
"../../../Engine/Plugins/Animation/ControlRig/Content/Controls/ControlRig_QuarterCircle_1mm.uexp" 262
"../../../Engine/Plugins/Animation/ControlRig/Content/Controls/ControlRig_Pyramid_solid.uasset" 263
"../../../Engine/Plugins/Animation/ControlRig/Content/Controls/ControlRig_Pyramid_solid.uexp" 264
"../../../Engine/Plugins/Animation/ControlRig/Content/Controls/ControlRig_Pyramid_3mm.uasset" 265
"../../../Engine/Plugins/Animation/ControlRig/Content/Controls/ControlRig_Pyramid_3mm.uexp" 266
"../../../Engine/Plugins/Animation/ControlRig/Content/Controls/ControlRig_Pyramid_1mm.uasset" 267
"../../../Engine/Plugins/Animation/ControlRig/Content/Controls/ControlRig_Pyramid_1mm.uexp" 268
"../../../Engine/Plugins/Animation/ControlRig/Content/Controls/ControlRig_Octagon_solid.uasset" 269
"../../../Engine/Plugins/Animation/ControlRig/Content/Controls/ControlRig_Octagon_solid.uexp" 270
"../../../Engine/Plugins/Animation/ControlRig/Content/Controls/ControlRig_Octagon_3mm.uasset" 271
"../../../Engine/Plugins/Animation/ControlRig/Content/Controls/ControlRig_Octagon_3mm.uexp" 272
"../../../Engine/Plugins/Animation/ControlRig/Content/Controls/ControlRig_Octagon_1mm.uasset" 273
"../../../Engine/Plugins/Animation/ControlRig/Content/Controls/ControlRig_Octagon_1mm.uexp" 274
"../../../Engine/Plugins/Animation/ControlRig/Content/Controls/ControlRig_Hexagon_solid.uasset" 275
"../../../Engine/Plugins/Animation/ControlRig/Content/Controls/ControlRig_Hexagon_solid.uexp" 276
"../../../Engine/Plugins/Animation/ControlRig/Content/Controls/ControlRig_Hexagon_3mm.uasset" 277
"../../../Engine/Plugins/Animation/ControlRig/Content/Controls/ControlRig_Hexagon_3mm.uexp" 278
"../../../Engine/Plugins/Animation/ControlRig/Content/Controls/ControlRig_Hexagon_1mm.uasset" 279
"../../../Engine/Plugins/Animation/ControlRig/Content/Controls/ControlRig_Hexagon_1mm.uexp" 280
"../../../Engine/Plugins/Animation/ControlRig/Content/Controls/ControlRig_HalfCircle_solid.uasset" 281
"../../../Engine/Plugins/Animation/ControlRig/Content/Controls/ControlRig_HalfCircle_solid.uexp" 282
"../../../Engine/Plugins/Animation/ControlRig/Content/Controls/ControlRig_HalfCircle_3mm.uasset" 283
"../../../Engine/Plugins/Animation/ControlRig/Content/Controls/ControlRig_HalfCircle_3mm.uexp" 284
"../../../Engine/Plugins/Animation/ControlRig/Content/Controls/ControlRig_HalfCircle_1mm.uasset" 285
"../../../Engine/Plugins/Animation/ControlRig/Content/Controls/ControlRig_HalfCircle_1mm.uexp" 286
"../../../Engine/Plugins/Animation/ControlRig/Content/Controls/ControlRig_Diamond_solid.uasset" 287
"../../../Engine/Plugins/Animation/ControlRig/Content/Controls/ControlRig_Diamond_solid.uexp" 288
"../../../Engine/Plugins/Animation/ControlRig/Content/Controls/ControlRig_Diamond_3mm.uasset" 289
"../../../Engine/Plugins/Animation/ControlRig/Content/Controls/ControlRig_Diamond_3mm.uexp" 290
"../../../Engine/Plugins/Animation/ControlRig/Content/Controls/ControlRig_Diamond_1mm.uasset" 291
"../../../Engine/Plugins/Animation/ControlRig/Content/Controls/ControlRig_Diamond_1mm.uexp" 292
"../../../Engine/Plugins/Animation/ControlRig/Content/Controls/ControlRig_Circle_solid.uasset" 293
"../../../Engine/Plugins/Animation/ControlRig/Content/Controls/ControlRig_Circle_solid.uexp" 294
"../../../Engine/Plugins/Animation/ControlRig/Content/Controls/ControlRig_Circle_3mm.uasset" 295
"../../../Engine/Plugins/Animation/ControlRig/Content/Controls/ControlRig_Circle_3mm.uexp" 296
"../../../Engine/Plugins/Animation/ControlRig/Content/Controls/ControlRig_Circle_1mm.uasset" 297
"../../../Engine/Plugins/Animation/ControlRig/Content/Controls/ControlRig_Circle_1mm.uexp" 298
"../../../Engine/Plugins/Animation/ControlRig/Content/Controls/ControlRig_Box_solid.uasset" 299
"../../../Engine/Plugins/Animation/ControlRig/Content/Controls/ControlRig_Box_solid.uexp" 300
"../../../Engine/Plugins/Animation/ControlRig/Content/Controls/ControlRig_Box_3mm.uasset" 301
"../../../Engine/Plugins/Animation/ControlRig/Content/Controls/ControlRig_Box_3mm.uexp" 302
"../../../Engine/Plugins/Animation/ControlRig/Content/Controls/ControlRig_Box_1mm.uasset" 303
"../../../Engine/Plugins/Animation/ControlRig/Content/Controls/ControlRig_Box_1mm.uexp" 304
"../../../Engine/Plugins/Animation/ControlRig/Content/Controls/ControlRig_Arrow_solid.uasset" 305
"../../../Engine/Plugins/Animation/ControlRig/Content/Controls/ControlRig_Arrow_solid.uexp" 306
"../../../Engine/Plugins/Animation/ControlRig/Content/Controls/ControlRig_Arrow_3mm.uasset" 307
"../../../Engine/Plugins/Animation/ControlRig/Content/Controls/ControlRig_Arrow_3mm.uexp" 308
"../../../Engine/Plugins/Animation/ControlRig/Content/Controls/ControlRig_Arrow_1mm.uasset" 309
"../../../Engine/Plugins/Animation/ControlRig/Content/Controls/ControlRig_Arrow_1mm.uexp" 310
"../../../Engine/Plugins/Animation/ControlRig/Content/Controls/ControlRig_Arrow4_solid.uasset" 311
"../../../Engine/Plugins/Animation/ControlRig/Content/Controls/ControlRig_Arrow4_solid.uexp" 312
"../../../Engine/Plugins/Animation/ControlRig/Content/Controls/ControlRig_Arrow4_3mm.uasset" 313
"../../../Engine/Plugins/Animation/ControlRig/Content/Controls/ControlRig_Arrow4_3mm.uexp" 314
"../../../Engine/Plugins/Animation/ControlRig/Content/Controls/ControlRig_Arrow4_1mm.uasset" 315
"../../../Engine/Plugins/Animation/ControlRig/Content/Controls/ControlRig_Arrow4_1mm.uexp" 316
"../../../Engine/Plugins/Animation/ControlRig/Content/Controls/ControlRig_Arrow2_solid.uasset" 317
"../../../Engine/Plugins/Animation/ControlRig/Content/Controls/ControlRig_Arrow2_solid.uexp" 318
"../../../Engine/Plugins/Animation/ControlRig/Content/Controls/ControlRig_Arrow2_3mm.uasset" 319
"../../../Engine/Plugins/Animation/ControlRig/Content/Controls/ControlRig_Arrow2_3mm.uexp" 320
"../../../Engine/Plugins/Animation/ControlRig/Content/Controls/ControlRig_Arrow2_1mm.uasset" 321
"../../../Engine/Plugins/Animation/ControlRig/Content/Controls/ControlRig_Arrow2_1mm.uexp" 322
"../../../Engine/Plugins/Animation/ControlRig/Content/Controls/ControlRigXRayMaterial.uasset" 323
"../../../Engine/Plugins/Animation/ControlRig/Content/Controls/ControlRigXRayMaterial.uexp" 324
"../../../Engine/Plugins/Animation/ControlRig/Content/Controls/ControlRigGizmoMaterial.uasset" 325
"../../../Engine/Plugins/Animation/ControlRig/Content/Controls/ControlRigGizmoMaterial.uexp" 326
"../../../Engine/Content/EngineSounds/Master.uasset" 327
"../../../Engine/Content/EngineSounds/Master.uexp" 328
"../../../Engine/Content/EngineSky/T_Sky_Stars.ubulk" 329
"../../../Engine/Content/EngineSky/T_Sky_Stars.uasset" 330
"../../../Engine/Content/EngineSky/T_Sky_Stars.uexp" 331
"../../../Engine/Content/EngineSky/T_Sky_Clouds_M.ubulk" 332
"../../../Engine/Content/EngineSky/T_Sky_Clouds_M.uasset" 333
"../../../Engine/Content/EngineSky/T_Sky_Clouds_M.uexp" 334
"../../../Engine/Content/EngineSky/T_Sky_Blue.ubulk" 335
"../../../Engine/Content/EngineSky/T_Sky_Blue.uasset" 336
"../../../Engine/Content/EngineSky/T_Sky_Blue.uexp" 337
"../../../Engine/Content/EngineSky/M_Sky_Panning_Clouds2.uasset" 338
"../../../Engine/Content/EngineSky/M_Sky_Panning_Clouds2.uexp" 339
"../../../Engine/Content/EngineSky/SM_SkySphere.uasset" 340
"../../../Engine/Content/EngineSky/SM_SkySphere.uexp" 341
"../../../Engine/Content/EngineSky/M_SimpleSkyDome.uasset" 342
"../../../Engine/Content/EngineSky/M_SimpleSkyDome.uexp" 343
"../../../Engine/Content/EngineResources/WhiteSquareTexture.uasset" 344
"../../../Engine/Content/EngineResources/WhiteSquareTexture.uexp" 345
"../../../Engine/Content/EngineMaterials/Widget3DPassThrough.uasset" 346
"../../../Engine/Content/EngineMaterials/Widget3DPassThrough.uexp" 347
"../../../Engine/Content/EngineMaterials/Widget3DPassThrough_Translucent.uasset" 348
"../../../Engine/Content/EngineMaterials/Widget3DPassThrough_Translucent.uexp" 349
"../../../Engine/Content/EngineMaterials/Widget3DPassThrough_Translucent_OneSided.uasset" 350
"../../../Engine/Content/EngineMaterials/Widget3DPassThrough_Translucent_OneSided.uexp" 351
"../../../Engine/Content/EngineMaterials/Widget3DPassThrough_Opaque.uasset" 352
"../../../Engine/Content/EngineMaterials/Widget3DPassThrough_Opaque.uexp" 353
"../../../Engine/Content/EngineMaterials/Widget3DPassThrough_Opaque_OneSided.uasset" 354
"../../../Engine/Content/EngineMaterials/Widget3DPassThrough_Opaque_OneSided.uexp" 355
"../../../Engine/Content/EngineMaterials/Widget3DPassThrough_Masked_OneSided.uasset" 356
"../../../Engine/Content/EngineMaterials/Widget3DPassThrough_Masked_OneSided.uexp" 357
"../../../Engine/Content/EngineMaterials/Widget3DPassThrough_Masked.uasset" 358
"../../../Engine/Content/EngineMaterials/Widget3DPassThrough_Masked.uexp" 359
"../../../Engine/Content/EngineMaterials/STBlueNoise_vec2_128x128x64.uasset" 360
"../../../Engine/Content/EngineMaterials/STBlueNoise_vec2_128x128x64.uexp" 361
"../../../Engine/Content/EngineMaterials/STBlueNoise_scalar_128x128x64.uasset" 362
"../../../Engine/Content/EngineMaterials/STBlueNoise_scalar_128x128x64.uexp" 363
"../../../Engine/Content/EngineMaterials/RemoveSurfaceMaterial.uasset" 364
"../../../Engine/Content/EngineMaterials/RemoveSurfaceMaterial.uexp" 365
"../../../Engine/Content/EngineMaterials/DefaultCalibrationGrayscale.uasset" 366
"../../../Engine/Content/EngineMaterials/DefaultCalibrationGrayscale.uexp" 367
"../../../Engine/Content/EngineMaterials/PPM_DefaultCalibrationGrayscale.uasset" 368
"../../../Engine/Content/EngineMaterials/PPM_DefaultCalibrationGrayscale.uexp" 369
"../../../Engine/Content/EngineMaterials/DefaultCalibrationColor.uasset" 370
"../../../Engine/Content/EngineMaterials/DefaultCalibrationColor.uexp" 371
"../../../Engine/Content/EngineMaterials/PPM_DefaultCalibrationColor.uasset" 372
"../../../Engine/Content/EngineMaterials/PPM_DefaultCalibrationColor.uexp" 373
"../../../Engine/Content/EngineMaterials/PhAT_JointLimitMaterial.uasset" 374
"../../../Engine/Content/EngineMaterials/PhAT_JointLimitMaterial.uexp" 375
"../../../Engine/Content/EngineMaterials/NaniteHiddenSectionMaterial.uasset" 376
"../../../Engine/Content/EngineMaterials/NaniteHiddenSectionMaterial.uexp" 377
"../../../Engine/Content/EngineMaterials/InvalidLightmapSettings.ubulk" 378
"../../../Engine/Content/EngineMaterials/InvalidLightmapSettings.uasset" 379
"../../../Engine/Content/EngineMaterials/InvalidLightmapSettings.uexp" 380
"../../../Engine/Content/EngineMaterials/M_InvalidLightmapSettings.uasset" 381
"../../../Engine/Content/EngineMaterials/M_InvalidLightmapSettings.uexp" 382
"../../../Engine/Content/EngineMaterials/GizmoMaterial.uasset" 383
"../../../Engine/Content/EngineMaterials/GizmoMaterial.uexp" 384
"../../../Engine/Content/EngineMaterials/BaseFlattenEmissiveMap_VT.uasset" 385
"../../../Engine/Content/EngineMaterials/BaseFlattenEmissiveMap_VT.uexp" 386
"../../../Engine/Content/EngineMaterials/BaseFlattenGrayscaleMap_VT.uasset" 387
"../../../Engine/Content/EngineMaterials/BaseFlattenGrayscaleMap_VT.uexp" 388
"../../../Engine/Content/EngineMaterials/BaseFlattenLinearColor_VT.uasset" 389
"../../../Engine/Content/EngineMaterials/BaseFlattenLinearColor_VT.uexp" 390
"../../../Engine/Content/EngineMaterials/Black_1x1_EXR_Texture_VT.uasset" 391
"../../../Engine/Content/EngineMaterials/Black_1x1_EXR_Texture_VT.uexp" 392
"../../../Engine/Content/EngineMaterials/BaseFlattenDiffuseMap_VT.uasset" 393
"../../../Engine/Content/EngineMaterials/BaseFlattenDiffuseMap_VT.uexp" 394
"../../../Engine/Content/EngineMaterials/BaseFlattenNormalMap_VT.uasset" 395
"../../../Engine/Content/EngineMaterials/BaseFlattenNormalMap_VT.uexp" 396
"../../../Engine/Content/EngineMaterials/FlattenMaterial_WS_Normal_VT.uasset" 397
"../../../Engine/Content/EngineMaterials/FlattenMaterial_WS_Normal_VT.uexp" 398
"../../../Engine/Content/EngineMaterials/FlattenMaterial_VT.uasset" 399
"../../../Engine/Content/EngineMaterials/FlattenMaterial_VT.uexp" 400
"../../../Engine/Content/EngineMaterials/BaseFlattenNormalMap.uasset" 401
"../../../Engine/Content/EngineMaterials/BaseFlattenNormalMap.uexp" 402
"../../../Engine/Content/EngineMaterials/BaseFlattenGrayscaleMap.uasset" 403
"../../../Engine/Content/EngineMaterials/BaseFlattenGrayscaleMap.uexp" 404
"../../../Engine/Content/EngineMaterials/BaseFlattenDiffuseMap.uasset" 405
"../../../Engine/Content/EngineMaterials/BaseFlattenDiffuseMap.uexp" 406
"../../../Engine/Content/Functions/Engine_MaterialFunctions02/PivotPainter2/Black_1x1_EXR_Texture.uasset" 407
"../../../Engine/Content/Functions/Engine_MaterialFunctions02/PivotPainter2/Black_1x1_EXR_Texture.uexp" 408
"../../../Engine/Content/EngineMaterials/BaseFlattenEmissiveMap.uasset" 409
"../../../Engine/Content/EngineMaterials/BaseFlattenEmissiveMap.uexp" 410
"../../../Engine/Content/EngineMaterials/BaseFlattenLinearColor.uasset" 411
"../../../Engine/Content/EngineMaterials/BaseFlattenLinearColor.uexp" 412
"../../../Engine/Content/EngineMaterials/FlattenMaterial.uasset" 413
"../../../Engine/Content/EngineMaterials/FlattenMaterial.uexp" 414
"../../../Engine/Content/EngineMaterials/DefaultWhiteGrid_Low.uasset" 415
"../../../Engine/Content/EngineMaterials/DefaultWhiteGrid_Low.uexp" 416
"../../../Engine/Content/EngineMaterials/EmissiveMeshMaterial.uasset" 417
"../../../Engine/Content/EngineMaterials/EmissiveMeshMaterial.uexp" 418
"../../../Engine/Content/EngineFonts/RobotoDistanceField.uasset" 419
"../../../Engine/Content/EngineFonts/RobotoDistanceField.uexp" 420
"../../../Engine/Content/EngineMaterials/DefaultTextMaterialOpaque.uasset" 421
"../../../Engine/Content/EngineMaterials/DefaultTextMaterialOpaque.uexp" 422
"../../../Engine/Content/EngineMaterials/DefaultDiffuse.ubulk" 423
"../../../Engine/Content/EngineMaterials/DefaultDiffuse.uasset" 424
"../../../Engine/Content/EngineMaterials/DefaultDiffuse.uexp" 425
"../../../Engine/Content/Functions/Engine_MaterialFunctions02/Utility/BreakOutFloat2Components.uasset" 426
"../../../Engine/Content/Functions/Engine_MaterialFunctions02/Utility/BreakOutFloat2Components.uexp" 427
"../../../Engine/Content/EngineMaterials/DefaultPostProcessMaterial.uasset" 428
"../../../Engine/Content/EngineMaterials/DefaultPostProcessMaterial.uexp" 429
"../../../Engine/Content/EngineMaterials/DefaultPhysicalMaterial.uasset" 430
"../../../Engine/Content/EngineMaterials/DefaultPhysicalMaterial.uexp" 431
"../../../Engine/Content/EngineMaterials/DefaultLightFunctionMaterial.uasset" 432
"../../../Engine/Content/EngineMaterials/DefaultLightFunctionMaterial.uexp" 433
"../../../Engine/Content/EngineMaterials/DefaultDestructiblePhysicalMaterial.uasset" 434
"../../../Engine/Content/EngineMaterials/DefaultDestructiblePhysicalMaterial.uexp" 435
"../../../Engine/Content/EngineMaterials/DefaultDeferredDecalMaterial.uasset" 436
"../../../Engine/Content/EngineMaterials/DefaultDeferredDecalMaterial.uexp" 437
"../../../Engine/Content/EngineMaterials/DefaultBloomKernel.uasset" 438
"../../../Engine/Content/EngineMaterials/DefaultBloomKernel.uexp" 439
"../../../Engine/Content/EngineDebugMaterials/DebugMeshMaterial.uasset" 440
"../../../Engine/Content/EngineDebugMaterials/DebugMeshMaterial.uexp" 441
"../../../Engine/Content/EngineDebugMaterials/DebugEditorMaterial.uasset" 442
"../../../Engine/Content/EngineDebugMaterials/DebugEditorMaterial.uexp" 443
"../../../Engine/Content/EngineDamageTypes/DmgTypeBP_Environmental.uasset" 444
"../../../Engine/Content/EngineDamageTypes/DmgTypeBP_Environmental.uexp" 445
"../../../Engine/Content/EditorResources/S_Terrain.ubulk" 446
"../../../Engine/Content/EditorResources/S_Terrain.uasset" 447
"../../../Engine/Content/EditorResources/S_Terrain.uexp" 448
"../../../Engine/Content/EditorResources/EmptyActor.uasset" 449
"../../../Engine/Content/EditorResources/EmptyActor.uexp" 450
"../../../Engine/Content/EditorResources/BSPVertex.uasset" 451
"../../../Engine/Content/EditorResources/BSPVertex.uexp" 452
"../../../Engine/Content/EditorMaterials/PreviewShadowIndicator.ubulk" 453
"../../../Engine/Content/EditorMaterials/PreviewShadowIndicator.uasset" 454
"../../../Engine/Content/EditorMaterials/PreviewShadowIndicator.uexp" 455
"../../../Engine/Content/EditorMaterials/PreviewShadowIndicatorMaterial.uasset" 456
"../../../Engine/Content/EditorMaterials/PreviewShadowIndicatorMaterial.uexp" 457
"../../../Engine/Content/EditorMaterials/PhAT_UnselectedMaterial.uasset" 458
"../../../Engine/Content/EditorMaterials/PhAT_UnselectedMaterial.uexp" 459
"../../../Engine/Content/EditorMaterials/PhAT_NoCollisionMaterial.uasset" 460
"../../../Engine/Content/EditorMaterials/PhAT_NoCollisionMaterial.uexp" 461
"../../../Engine/Content/EditorLandscapeResources/DefaultAlphaTexture.uasset" 462
"../../../Engine/Content/EditorLandscapeResources/DefaultAlphaTexture.uexp" 463
"../../../Engine/Content/EditorLandscapeResources/DataLayer.uasset" 464
"../../../Engine/Content/EditorLandscapeResources/DataLayer.uexp" 465
"../../../Engine/Content/MobileResources/HUD/AnalogHat.uasset" 466
"../../../Engine/Content/MobileResources/HUD/AnalogHat.uexp" 467
"../../../Engine/Content/EditorResources/Ai_Spawnpoint.ubulk" 468
"../../../Engine/Content/EditorResources/Ai_Spawnpoint.uasset" 469
"../../../Engine/Content/EditorResources/Ai_Spawnpoint.uexp" 470
"E:/Epic Games/project/AndroidGame/Content/Blueprints/UI/BP_InputWidget.uasset" 471
"E:/Epic Games/project/AndroidGame/Content/Blueprints/UI/BP_InputWidget.uexp" 472
"E:/Epic Games/project/AndroidGame/Content/Blueprints/Controller/BP_ShooterPlayerController.uasset" 473
"E:/Epic Games/project/AndroidGame/Content/Blueprints/Controller/BP_ShooterPlayerController.uexp" 474
"../../../Engine/Content/MobileResources/HUD/VirtualJoystick_Background.uasset" 475
"../../../Engine/Content/MobileResources/HUD/VirtualJoystick_Background.uexp" 476
"../../../Engine/Content/MobileResources/HUD/VirtualJoystick_Thumb.uasset" 477
"../../../Engine/Content/MobileResources/HUD/VirtualJoystick_Thumb.uexp" 478
"E:/Epic Games/project/AndroidGame/Content/Blueprints/Input/ShooterGameTouch.uasset" 479
"E:/Epic Games/project/AndroidGame/Content/Blueprints/Input/ShooterGameTouch.uexp" 480
"../../../Engine/Content/EngineSky/VolumetricClouds/CloudWeatherTexture.uasset" 481
"../../../Engine/Content/EngineSky/VolumetricClouds/CloudWeatherTexture.uexp" 482
"../../../Engine/Content/Functions/Engine_MaterialFunctions02/Utility/MakeFloat2.uasset" 483
"../../../Engine/Content/Functions/Engine_MaterialFunctions02/Utility/MakeFloat2.uexp" 484
"../../../Engine/Content/EngineSky/VolumetricClouds/CloudGradientTexture.uasset" 485
"../../../Engine/Content/EngineSky/VolumetricClouds/CloudGradientTexture.uexp" 486
"../../../Engine/Content/EngineSky/VolumetricClouds/T_NoiseShape64.ubulk" 487
"../../../Engine/Content/EngineSky/VolumetricClouds/T_NoiseShape64.uasset" 488
"../../../Engine/Content/EngineSky/VolumetricClouds/T_NoiseShape64.uexp" 489
"../../../Engine/Content/EngineSky/VolumetricClouds/T_VolumeNoiseShape64.uasset" 490
"../../../Engine/Content/EngineSky/VolumetricClouds/T_VolumeNoiseShape64.uexp" 491
"../../../Engine/Content/EngineSky/VolumetricClouds/T_NoiseErosion.ubulk" 492
"../../../Engine/Content/EngineSky/VolumetricClouds/T_NoiseErosion.uasset" 493
"../../../Engine/Content/EngineSky/VolumetricClouds/T_NoiseErosion.uexp" 494
"../../../Engine/Content/EngineSky/VolumetricClouds/T_VolumeNoiseErosion32.uasset" 495
"../../../Engine/Content/EngineSky/VolumetricClouds/T_VolumeNoiseErosion32.uexp" 496
"../../../Engine/Content/EngineSky/VolumetricClouds/m_SimpleVolumetricCloud.uasset" 497
"../../../Engine/Content/EngineSky/VolumetricClouds/m_SimpleVolumetricCloud.uexp" 498
"../../../Engine/Content/EngineSky/VolumetricClouds/m_SimpleVolumetricCloud_Inst.uasset" 499
"../../../Engine/Content/EngineSky/VolumetricClouds/m_SimpleVolumetricCloud_Inst.uexp" 500
"../../../Engine/Content/EngineResources/FilmGrains/Marcie_Grain_v3_128_M2_000.uasset" 501
"../../../Engine/Content/EngineResources/FilmGrains/Marcie_Grain_v3_128_M2_000.uexp" 502
"../../../Engine/Content/EditorResources/SequenceRecorder/RecordingIndicator.uasset" 503
"../../../Engine/Content/EditorResources/SequenceRecorder/RecordingIndicator.uexp" 504
"../../../Engine/Content/EditorResources/SequenceRecorder/Countdown.uasset" 505
"../../../Engine/Content/EditorResources/SequenceRecorder/Countdown.uexp" 506
"../../../Engine/Content/Functions/Engine_MaterialFunctions02/Utility/MakeFloat3.uasset" 507
"../../../Engine/Content/Functions/Engine_MaterialFunctions02/Utility/MakeFloat3.uexp" 508
"../../../Engine/Content/Functions/Engine_MaterialFunctions01/Gradient/LinearGradient.uasset" 509
"../../../Engine/Content/Functions/Engine_MaterialFunctions01/Gradient/LinearGradient.uexp" 510
"../../../Engine/Content/Functions/Engine_MaterialFunctions01/ImageAdjustment/CheapContrast.uasset" 511
"../../../Engine/Content/Functions/Engine_MaterialFunctions01/ImageAdjustment/CheapContrast.uexp" 512
"E:/Epic Games/project/AndroidGame/Content/Assest/LevelPrototyping/Textures/T_GridChecker_A.ubulk" 513
"E:/Epic Games/project/AndroidGame/Content/Assest/LevelPrototyping/Textures/T_GridChecker_A.uasset" 514
"E:/Epic Games/project/AndroidGame/Content/Assest/LevelPrototyping/Textures/T_GridChecker_A.uexp" 515
"E:/Epic Games/project/AndroidGame/Content/Assest/LevelPrototyping/Materials/MF_ProcGrid.uasset" 516
"E:/Epic Games/project/AndroidGame/Content/Assest/LevelPrototyping/Materials/MF_ProcGrid.uexp" 517
"E:/Epic Games/project/AndroidGame/Content/Assest/LevelPrototyping/Materials/M_PrototypeGrid.uasset" 518
"E:/Epic Games/project/AndroidGame/Content/Assest/LevelPrototyping/Materials/M_PrototypeGrid.uexp" 519
"E:/Epic Games/project/AndroidGame/Content/Assest/LevelPrototyping/Materials/MI_PrototypeGrid_TopDark.uasset" 520
"E:/Epic Games/project/AndroidGame/Content/Assest/LevelPrototyping/Materials/MI_PrototypeGrid_TopDark.uexp" 521
"E:/Epic Games/project/AndroidGame/Content/Assest/LevelPrototyping/Materials/MI_PrototypeGrid_Gray_02.uasset" 522
"E:/Epic Games/project/AndroidGame/Content/Assest/LevelPrototyping/Materials/MI_PrototypeGrid_Gray_02.uexp" 523
"E:/Epic Games/project/AndroidGame/Content/Blueprints/FPWeapon/Mesh/SK_FPGun_PhysicsAsset.uasset" 524
"E:/Epic Games/project/AndroidGame/Content/Blueprints/FPWeapon/Mesh/SK_FPGun_PhysicsAsset.uexp" 525
"E:/Epic Games/project/AndroidGame/Content/Blueprints/FirstPerson/Input/Actions/IA_Shoot.uasset" 526
"E:/Epic Games/project/AndroidGame/Content/Blueprints/FirstPerson/Input/Actions/IA_Shoot.uexp" 527
"E:/Epic Games/project/AndroidGame/Content/Blueprints/FPWeapon/Audio/FirstPersonTemplateWeaponFire02.ubulk" 528
"E:/Epic Games/project/AndroidGame/Content/Blueprints/FPWeapon/Audio/FirstPersonTemplateWeaponFire02.uasset" 529
"E:/Epic Games/project/AndroidGame/Content/Blueprints/FPWeapon/Audio/FirstPersonTemplateWeaponFire02.uexp" 530
"E:/Epic Games/project/AndroidGame/Content/Blueprints/FirstPerson/Input/IMC_Weapons.uasset" 531
"E:/Epic Games/project/AndroidGame/Content/Blueprints/FirstPerson/Input/IMC_Weapons.uexp" 532
"E:/Epic Games/project/AndroidGame/Content/Blueprints/FirstPersonArms/Character/Mesh/SK_Mannequin_Arms_Skeleton.uasset" 533
"E:/Epic Games/project/AndroidGame/Content/Blueprints/FirstPersonArms/Character/Mesh/SK_Mannequin_Arms_Skeleton.uexp" 534
"../../../Engine/Content/Animation/DefaultAnimCurveCompressionSettings.uasset" 535
"../../../Engine/Content/Animation/DefaultAnimCurveCompressionSettings.uexp" 536
"../../../Engine/Content/Animation/DefaultAnimBoneCompressionSettings.uasset" 537
"../../../Engine/Content/Animation/DefaultAnimBoneCompressionSettings.uexp" 538
"E:/Epic Games/project/AndroidGame/Content/Blueprints/FirstPersonArms/Animations/FP_Rifle_Fire.uasset" 539
"E:/Epic Games/project/AndroidGame/Content/Blueprints/FirstPersonArms/Animations/FP_Rifle_Fire.uexp" 540
"E:/Epic Games/project/AndroidGame/Content/Blueprints/FirstPersonArms/Animations/FP_Rifle_Shoot_Montage.uasset" 541
"E:/Epic Games/project/AndroidGame/Content/Blueprints/FirstPersonArms/Animations/FP_Rifle_Shoot_Montage.uexp" 542
"E:/Epic Games/project/AndroidGame/Content/Blueprints/FPWeapon/Mesh/SK_FPGun_Physics.uasset" 543
"E:/Epic Games/project/AndroidGame/Content/Blueprints/FPWeapon/Mesh/SK_FPGun_Physics.uexp" 544
"E:/Epic Games/project/AndroidGame/Content/Blueprints/FPWeapon/Mesh/SK_FPGun_Skeleton.uasset" 545
"E:/Epic Games/project/AndroidGame/Content/Blueprints/FPWeapon/Mesh/SK_FPGun_Skeleton.uexp" 546
"E:/Epic Games/project/AndroidGame/Content/Blueprints/FPWeapon/Materials/MaterialLayers/ML_Plastic_Shiny_Beige.uasset" 547
"E:/Epic Games/project/AndroidGame/Content/Blueprints/FPWeapon/Materials/MaterialLayers/ML_Plastic_Shiny_Beige.uexp" 548
"E:/Epic Games/project/AndroidGame/Content/Blueprints/FPWeapon/Materials/MaterialLayers/T_ML_Rubber_Blue_01_D.ubulk" 549
"E:/Epic Games/project/AndroidGame/Content/Blueprints/FPWeapon/Materials/MaterialLayers/T_ML_Rubber_Blue_01_D.uasset" 550
"E:/Epic Games/project/AndroidGame/Content/Blueprints/FPWeapon/Materials/MaterialLayers/T_ML_Rubber_Blue_01_D.uexp" 551
"E:/Epic Games/project/AndroidGame/Content/Blueprints/FPWeapon/Materials/MaterialLayers/T_ML_Rubber_Blue_01_N.ubulk" 552
"E:/Epic Games/project/AndroidGame/Content/Blueprints/FPWeapon/Materials/MaterialLayers/T_ML_Rubber_Blue_01_N.uasset" 553
"E:/Epic Games/project/AndroidGame/Content/Blueprints/FPWeapon/Materials/MaterialLayers/T_ML_Rubber_Blue_01_N.uexp" 554
"E:/Epic Games/project/AndroidGame/Content/Blueprints/FPWeapon/Materials/MaterialLayers/ML_GlossyBlack_Latex_UE4.uasset" 555
"E:/Epic Games/project/AndroidGame/Content/Blueprints/FPWeapon/Materials/MaterialLayers/ML_GlossyBlack_Latex_UE4.uexp" 556
"../../../Engine/Content/Functions/Engine_MaterialFunctions02/Utility/BlendAngleCorrectedNormals.uasset" 557
"../../../Engine/Content/Functions/Engine_MaterialFunctions02/Utility/BlendAngleCorrectedNormals.uexp" 558
"../../../Engine/Content/Functions/MaterialLayerFunctions/MatLayerBlend_NormalBlend.uasset" 559
"../../../Engine/Content/Functions/MaterialLayerFunctions/MatLayerBlend_NormalBlend.uexp" 560
"E:/Epic Games/project/AndroidGame/Content/Blueprints/FPWeapon/Textures/T_FPGun_N.ubulk" 561
"E:/Epic Games/project/AndroidGame/Content/Blueprints/FPWeapon/Textures/T_FPGun_N.uasset" 562
"E:/Epic Games/project/AndroidGame/Content/Blueprints/FPWeapon/Textures/T_FPGun_N.uexp" 563
"../../../Engine/Content/Functions/MaterialLayerFunctions/MatLayerBlend_Simple.uasset" 564
"../../../Engine/Content/Functions/MaterialLayerFunctions/MatLayerBlend_Simple.uexp" 565
"E:/Epic Games/project/AndroidGame/Content/Blueprints/FPWeapon/Materials/MaterialLayers/T_ML_Aluminum01.ubulk" 566
"E:/Epic Games/project/AndroidGame/Content/Blueprints/FPWeapon/Materials/MaterialLayers/T_ML_Aluminum01.uasset" 567
"E:/Epic Games/project/AndroidGame/Content/Blueprints/FPWeapon/Materials/MaterialLayers/T_ML_Aluminum01.uexp" 568
"E:/Epic Games/project/AndroidGame/Content/Blueprints/FPWeapon/Materials/MaterialLayers/T_ML_Aluminum01_N.ubulk" 569
"E:/Epic Games/project/AndroidGame/Content/Blueprints/FPWeapon/Materials/MaterialLayers/T_ML_Aluminum01_N.uasset" 570
"E:/Epic Games/project/AndroidGame/Content/Blueprints/FPWeapon/Materials/MaterialLayers/T_ML_Aluminum01_N.uexp" 571
"E:/Epic Games/project/AndroidGame/Content/Blueprints/FPWeapon/Materials/MaterialLayers/ML_SoftMetal_UE4.uasset" 572
"E:/Epic Games/project/AndroidGame/Content/Blueprints/FPWeapon/Materials/MaterialLayers/ML_SoftMetal_UE4.uexp" 573
"E:/Epic Games/project/AndroidGame/Content/Blueprints/FPWeapon/Textures/T_FPGun_M.ubulk" 574
"E:/Epic Games/project/AndroidGame/Content/Blueprints/FPWeapon/Textures/T_FPGun_M.uasset" 575
"E:/Epic Games/project/AndroidGame/Content/Blueprints/FPWeapon/Textures/T_FPGun_M.uexp" 576
"E:/Epic Games/project/AndroidGame/Content/Blueprints/FPWeapon/Materials/MaterialLayers/ML_Screen.uasset" 577
"E:/Epic Games/project/AndroidGame/Content/Blueprints/FPWeapon/Materials/MaterialLayers/ML_Screen.uexp" 578
"E:/Epic Games/project/AndroidGame/Content/Blueprints/FPWeapon/Materials/M_FPGun.uasset" 579
"E:/Epic Games/project/AndroidGame/Content/Blueprints/FPWeapon/Materials/M_FPGun.uexp" 580
"E:/Epic Games/project/AndroidGame/Content/Blueprints/FPWeapon/Mesh/SK_FPGun.uasset" 581
"E:/Epic Games/project/AndroidGame/Content/Blueprints/FPWeapon/Mesh/SK_FPGun.uexp" 582
"E:/Epic Games/project/AndroidGame/Content/Blueprints/FPWeapon/Materials/BaseMaterial.uasset" 583
"E:/Epic Games/project/AndroidGame/Content/Blueprints/FPWeapon/Materials/BaseMaterial.uexp" 584
"E:/Epic Games/project/AndroidGame/Content/Blueprints/FPWeapon/Materials/FirstPersonProjectileMaterial.uasset" 585
"E:/Epic Games/project/AndroidGame/Content/Blueprints/FPWeapon/Materials/FirstPersonProjectileMaterial.uexp" 586
"E:/Epic Games/project/AndroidGame/Content/Blueprints/FPWeapon/Mesh/FirstPersonProjectileMesh.uasset" 587
"E:/Epic Games/project/AndroidGame/Content/Blueprints/FPWeapon/Mesh/FirstPersonProjectileMesh.uexp" 588
"E:/Epic Games/project/AndroidGame/Content/Blueprints/FirstPerson/Blueprints/BP_FirstPersonProjectile.uasset" 589
"E:/Epic Games/project/AndroidGame/Content/Blueprints/FirstPerson/Blueprints/BP_FirstPersonProjectile.uexp" 590
"E:/Epic Games/project/AndroidGame/Content/Blueprints/FirstPerson/Blueprints/BP_PickUp_Rifle.uasset" 591
"E:/Epic Games/project/AndroidGame/Content/Blueprints/FirstPerson/Blueprints/BP_PickUp_Rifle.uexp" 592
"E:/Epic Games/project/AndroidGame/Content/Assest/LevelPrototyping/Materials/MI_PrototypeGrid_Gray.uasset" 593
"E:/Epic Games/project/AndroidGame/Content/Assest/LevelPrototyping/Materials/MI_PrototypeGrid_Gray.uexp" 594
"E:/Epic Games/project/AndroidGame/Content/Assest/LevelPrototyping/Meshes/SM_Ramp.uasset" 595
"E:/Epic Games/project/AndroidGame/Content/Assest/LevelPrototyping/Meshes/SM_Ramp.uexp" 596
"E:/Epic Games/project/AndroidGame/Content/Assest/LevelPrototyping/Meshes/SM_QuarterCylinder.uasset" 597
"E:/Epic Games/project/AndroidGame/Content/Assest/LevelPrototyping/Meshes/SM_QuarterCylinder.uexp" 598
"E:/Epic Games/project/AndroidGame/Content/Assest/LevelPrototyping/Meshes/SM_Cylinder.uasset" 599
"E:/Epic Games/project/AndroidGame/Content/Assest/LevelPrototyping/Meshes/SM_Cylinder.uexp" 600
"E:/Epic Games/project/AndroidGame/Content/Assest/LevelPrototyping/Meshes/SM_Cube.uasset" 601
"E:/Epic Games/project/AndroidGame/Content/Assest/LevelPrototyping/Meshes/SM_Cube.uexp" 602
"E:/Epic Games/project/AndroidGame/Content/Assest/LevelPrototyping/Materials/M_Solid.uasset" 603
"E:/Epic Games/project/AndroidGame/Content/Assest/LevelPrototyping/Materials/M_Solid.uexp" 604
"E:/Epic Games/project/AndroidGame/Content/Assest/LevelPrototyping/Materials/MI_Solid_Blue.uasset" 605
"E:/Epic Games/project/AndroidGame/Content/Assest/LevelPrototyping/Materials/MI_Solid_Blue.uexp" 606
"E:/Epic Games/project/AndroidGame/Content/Assest/LevelPrototyping/Meshes/SM_ChamferCube.uasset" 607
"E:/Epic Games/project/AndroidGame/Content/Assest/LevelPrototyping/Meshes/SM_ChamferCube.uexp" 608
"../../../Engine/Content/Maps/Templates/HLODs/HLODLayer_Merged.uasset" 609
"../../../Engine/Content/Maps/Templates/HLODs/HLODLayer_Merged.uexp" 610
"../../../Engine/Content/Functions/Engine_MaterialFunctions01/Shading/PowerToRoughness.uasset" 611
"../../../Engine/Content/Functions/Engine_MaterialFunctions01/Shading/PowerToRoughness.uexp" 612
"../../../Engine/Content/Functions/Engine_MaterialFunctions01/Shading/ConvertFromDiffSpec.uasset" 613
"../../../Engine/Content/Functions/Engine_MaterialFunctions01/Shading/ConvertFromDiffSpec.uexp" 614
"E:/Epic Games/project/AndroidGame/Content/Blueprints/FPWeapon/Materials/MaterialLayers/T_ML_FineRubber.ubulk" 615
"E:/Epic Games/project/AndroidGame/Content/Blueprints/FPWeapon/Materials/MaterialLayers/T_ML_FineRubber.uasset" 616
"E:/Epic Games/project/AndroidGame/Content/Blueprints/FPWeapon/Materials/MaterialLayers/T_ML_FineRubber.uexp" 617
"../../../Engine/Content/Animation/DefaultRecorderBoneCompression.uasset" 618
"../../../Engine/Content/Animation/DefaultRecorderBoneCompression.uexp" 619
"E:/Epic Games/project/AndroidGame/Content/Blueprints/FirstPersonArms/Animations/FP_Walk_Fwd.uasset" 620
"E:/Epic Games/project/AndroidGame/Content/Blueprints/FirstPersonArms/Animations/FP_Walk_Fwd.uexp" 621
"../../../Engine/Content/Maps/Templates/HLODs/HLODLayer_Instanced.uasset" 622
"../../../Engine/Content/Maps/Templates/HLODs/HLODLayer_Instanced.uexp" 623
"E:/Epic Games/project/AndroidGame/Content/Blueprints/FirstPersonArms/Character/Textures/UE4_Mannequin__normals.ubulk" 624
"E:/Epic Games/project/AndroidGame/Content/Blueprints/FirstPersonArms/Character/Textures/UE4_Mannequin__normals.uasset" 625
"E:/Epic Games/project/AndroidGame/Content/Blueprints/FirstPersonArms/Character/Textures/UE4_Mannequin__normals.uexp" 626
"E:/Epic Games/project/AndroidGame/Content/Blueprints/FirstPersonArms/Character/Materials/MaterialLayers/T_ML_Aluminum01.ubulk" 627
"E:/Epic Games/project/AndroidGame/Content/Blueprints/FirstPersonArms/Character/Materials/MaterialLayers/T_ML_Aluminum01.uasset" 628
"E:/Epic Games/project/AndroidGame/Content/Blueprints/FirstPersonArms/Character/Materials/MaterialLayers/T_ML_Aluminum01.uexp" 629
"E:/Epic Games/project/AndroidGame/Content/Blueprints/FirstPersonArms/Character/Materials/MaterialLayers/T_ML_Aluminum01_N.ubulk" 630
"E:/Epic Games/project/AndroidGame/Content/Blueprints/FirstPersonArms/Character/Materials/MaterialLayers/T_ML_Aluminum01_N.uasset" 631
"E:/Epic Games/project/AndroidGame/Content/Blueprints/FirstPersonArms/Character/Materials/MaterialLayers/T_ML_Aluminum01_N.uexp" 632
"E:/Epic Games/project/AndroidGame/Content/Blueprints/FirstPersonArms/Character/Materials/MaterialLayers/ML_SoftMetal_UE4.uasset" 633
"E:/Epic Games/project/AndroidGame/Content/Blueprints/FirstPersonArms/Character/Materials/MaterialLayers/ML_SoftMetal_UE4.uexp" 634
"E:/Epic Games/project/AndroidGame/Content/Blueprints/FirstPersonArms/Character/Materials/MaterialLayers/T_ML_Rubber_Blue_01_N.ubulk" 635
"E:/Epic Games/project/AndroidGame/Content/Blueprints/FirstPersonArms/Character/Materials/MaterialLayers/T_ML_Rubber_Blue_01_N.uasset" 636
"E:/Epic Games/project/AndroidGame/Content/Blueprints/FirstPersonArms/Character/Materials/MaterialLayers/T_ML_Rubber_Blue_01_N.uexp" 637
"E:/Epic Games/project/AndroidGame/Content/Blueprints/FirstPersonArms/Character/Materials/MaterialLayers/T_ML_Rubber_Blue_01_D.ubulk" 638
"E:/Epic Games/project/AndroidGame/Content/Blueprints/FirstPersonArms/Character/Materials/MaterialLayers/T_ML_Rubber_Blue_01_D.uasset" 639
"E:/Epic Games/project/AndroidGame/Content/Blueprints/FirstPersonArms/Character/Materials/MaterialLayers/T_ML_Rubber_Blue_01_D.uexp" 640
"E:/Epic Games/project/AndroidGame/Content/Blueprints/FirstPersonArms/Character/Materials/MaterialLayers/ML_GlossyBlack_Latex_UE4.uasset" 641
"E:/Epic Games/project/AndroidGame/Content/Blueprints/FirstPersonArms/Character/Materials/MaterialLayers/ML_GlossyBlack_Latex_UE4.uexp" 642
"E:/Epic Games/project/AndroidGame/Content/Blueprints/FirstPersonArms/Character/Textures/UE4_Mannequin_MAT_MASKA.ubulk" 643
"E:/Epic Games/project/AndroidGame/Content/Blueprints/FirstPersonArms/Character/Textures/UE4_Mannequin_MAT_MASKA.uasset" 644
"E:/Epic Games/project/AndroidGame/Content/Blueprints/FirstPersonArms/Character/Textures/UE4_Mannequin_MAT_MASKA.uexp" 645
"E:/Epic Games/project/AndroidGame/Content/Blueprints/FirstPersonArms/Character/Materials/MaterialLayers/ML_Plastic_Shiny_Beige.uasset" 646
"E:/Epic Games/project/AndroidGame/Content/Blueprints/FirstPersonArms/Character/Materials/MaterialLayers/ML_Plastic_Shiny_Beige.uexp" 647
"E:/Epic Games/project/AndroidGame/Content/Blueprints/FirstPersonArms/Character/Textures/UE4_LOGO_CARD.ubulk" 648
"E:/Epic Games/project/AndroidGame/Content/Blueprints/FirstPersonArms/Character/Textures/UE4_LOGO_CARD.uasset" 649
"E:/Epic Games/project/AndroidGame/Content/Blueprints/FirstPersonArms/Character/Textures/UE4_LOGO_CARD.uexp" 650
"E:/Epic Games/project/AndroidGame/Content/Blueprints/FirstPersonArms/Character/Materials/MaterialLayers/ML_Plastic_Shiny_Beige_LOGO.uasset" 651
"E:/Epic Games/project/AndroidGame/Content/Blueprints/FirstPersonArms/Character/Materials/MaterialLayers/ML_Plastic_Shiny_Beige_LOGO.uexp" 652
"E:/Epic Games/project/AndroidGame/Content/Blueprints/FirstPersonArms/Character/Materials/M_UE4Man_Body.uasset" 653
"E:/Epic Games/project/AndroidGame/Content/Blueprints/FirstPersonArms/Character/Materials/M_UE4Man_Body.uexp" 654
"E:/Epic Games/project/AndroidGame/Content/Blueprints/FirstPersonArms/Character/Mesh/SK_Mannequin_Arms_PhysicsAsset.uasset" 655
"E:/Epic Games/project/AndroidGame/Content/Blueprints/FirstPersonArms/Character/Mesh/SK_Mannequin_Arms_PhysicsAsset.uexp" 656
"E:/Epic Games/project/AndroidGame/Content/Blueprints/FirstPersonArms/Character/Mesh/SK_Mannequin_Arms.uasset" 657
"E:/Epic Games/project/AndroidGame/Content/Blueprints/FirstPersonArms/Character/Mesh/SK_Mannequin_Arms.uexp" 658
"E:/Epic Games/project/AndroidGame/Content/Blueprints/FirstPerson/Input/Actions/IA_Move.uasset" 659
"E:/Epic Games/project/AndroidGame/Content/Blueprints/FirstPerson/Input/Actions/IA_Move.uexp" 660
"E:/Epic Games/project/AndroidGame/Content/Blueprints/FirstPerson/Input/Actions/IA_Look.uasset" 661
"E:/Epic Games/project/AndroidGame/Content/Blueprints/FirstPerson/Input/Actions/IA_Look.uexp" 662
"E:/Epic Games/project/AndroidGame/Content/Blueprints/FirstPerson/Input/Actions/IA_Jump.uasset" 663
"E:/Epic Games/project/AndroidGame/Content/Blueprints/FirstPerson/Input/Actions/IA_Jump.uexp" 664
"E:/Epic Games/project/AndroidGame/Content/Blueprints/FirstPerson/Input/IMC_Default.uasset" 665
"E:/Epic Games/project/AndroidGame/Content/Blueprints/FirstPerson/Input/IMC_Default.uexp" 666
"E:/Epic Games/project/AndroidGame/Content/Blueprints/FirstPersonArms/Animations/FP_Rifle_Falling.uasset" 667
"E:/Epic Games/project/AndroidGame/Content/Blueprints/FirstPersonArms/Animations/FP_Rifle_Falling.uexp" 668
"E:/Epic Games/project/AndroidGame/Content/Blueprints/FirstPersonArms/Animations/FP_Run_Fwd.uasset" 669
"E:/Epic Games/project/AndroidGame/Content/Blueprints/FirstPersonArms/Animations/FP_Run_Fwd.uexp" 670
"E:/Epic Games/project/AndroidGame/Content/Blueprints/FirstPersonArms/Animations/FP_Rifle_Run.uasset" 671
"E:/Epic Games/project/AndroidGame/Content/Blueprints/FirstPersonArms/Animations/FP_Rifle_Run.uexp" 672
"E:/Epic Games/project/AndroidGame/Content/Blueprints/FirstPersonArms/Animations/FP_Rifle_Jump.uasset" 673
"E:/Epic Games/project/AndroidGame/Content/Blueprints/FirstPersonArms/Animations/FP_Rifle_Jump.uexp" 674
"E:/Epic Games/project/AndroidGame/Content/Blueprints/FirstPersonArms/Animations/FP_Rifle_Land.uasset" 675
"E:/Epic Games/project/AndroidGame/Content/Blueprints/FirstPersonArms/Animations/FP_Rifle_Land.uexp" 676
"E:/Epic Games/project/AndroidGame/Content/Blueprints/FirstPersonArms/Animations/FP_Falling.uasset" 677
"E:/Epic Games/project/AndroidGame/Content/Blueprints/FirstPersonArms/Animations/FP_Falling.uexp" 678
"E:/Epic Games/project/AndroidGame/Content/Blueprints/FirstPersonArms/Animations/FP_Rifle_Idle.uasset" 679
"E:/Epic Games/project/AndroidGame/Content/Blueprints/FirstPersonArms/Animations/FP_Rifle_Idle.uexp" 680
"E:/Epic Games/project/AndroidGame/Content/Blueprints/FirstPersonArms/Animations/FP_Idle.uasset" 681
"E:/Epic Games/project/AndroidGame/Content/Blueprints/FirstPersonArms/Animations/FP_Idle.uexp" 682
"E:/Epic Games/project/AndroidGame/Content/Blueprints/FirstPersonArms/Animations/FP_Jump.uasset" 683
"E:/Epic Games/project/AndroidGame/Content/Blueprints/FirstPersonArms/Animations/FP_Jump.uexp" 684
"E:/Epic Games/project/AndroidGame/Content/Blueprints/FirstPersonArms/Animations/FP_Land.uasset" 685
"E:/Epic Games/project/AndroidGame/Content/Blueprints/FirstPersonArms/Animations/FP_Land.uexp" 686
"../../../Engine/Content/EditorBlueprintResources/StandardMacros.uasset" 687
"../../../Engine/Content/EditorBlueprintResources/StandardMacros.uexp" 688
"E:/Epic Games/project/AndroidGame/Content/Blueprints/FirstPersonArms/Animations/FirstPerson_AnimBP.uasset" 689
"E:/Epic Games/project/AndroidGame/Content/Blueprints/FirstPersonArms/Animations/FirstPerson_AnimBP.uexp" 690
"E:/Epic Games/project/AndroidGame/Content/Blueprints/FirstPerson/Blueprints/BP_FirstPersonCharacter.uasset" 691
"E:/Epic Games/project/AndroidGame/Content/Blueprints/FirstPerson/Blueprints/BP_FirstPersonCharacter.uexp" 692
"E:/Epic Games/project/AndroidGame/Content/Blueprints/GameMode/BP_AndroidGameMode.uasset" 693
"E:/Epic Games/project/AndroidGame/Content/Blueprints/GameMode/BP_AndroidGameMode.uexp" 694
"E:/Epic Games/project/AndroidGame/Content/Levels/FirstPersonMap.uexp" 695
"E:/Epic Games/project/AndroidGame/Content/Levels/FirstPersonMap.umap" 696
"../../../Engine/Content/Maps/Entry_BuiltData.uasset" 697
"../../../Engine/Content/Maps/Entry_BuiltData.uexp" 698
"../../../Engine/Content/Maps/Entry.uexp" 699
"../../../Engine/Content/Maps/Entry.umap" 700
