"../../../Engine/Content/EditorResources/S_Actor.ubulk" 0
"../../../Engine/Content/EditorResources/S_Actor.uasset" 1
"../../../Engine/Content/EditorResources/S_Actor.uexp" 2
"../../../Engine/Content/EditorResources/S_BoxReflectionCapture.uasset" 3
"../../../Engine/Content/EditorResources/S_BoxReflectionCapture.uexp" 4
"../../../Engine/Content/EngineResources/DefaultTexture.ubulk" 5
"../../../Engine/Content/EngineResources/DefaultTexture.uasset" 6
"../../../Engine/Content/EngineResources/DefaultTexture.uexp" 7
"../../../Engine/Content/EngineResources/DefaultTextureCube.uasset" 8
"../../../Engine/Content/EngineResources/DefaultTextureCube.uexp" 9
"../../../Engine/Content/EngineResources/DefaultVolumeTexture2D.uasset" 10
"../../../Engine/Content/EngineResources/DefaultVolumeTexture2D.uexp" 11
"../../../Engine/Content/EngineResources/DefaultVolumeTexture.uasset" 12
"../../../Engine/Content/EngineResources/DefaultVolumeTexture.uexp" 13
"../../../Engine/Content/EditorResources/S_Trigger.ubulk" 14
"../../../Engine/Content/EditorResources/S_Trigger.uasset" 15
"../../../Engine/Content/EditorResources/S_Trigger.uexp" 16
"../../../Engine/Content/EditorResources/S_TriggerBox.uasset" 17
"../../../Engine/Content/EditorResources/S_TriggerBox.uexp" 18
"../../../Engine/Content/EditorResources/S_TriggerCapsule.uasset" 19
"../../../Engine/Content/EditorResources/S_TriggerCapsule.uexp" 20
"../../../Engine/Content/EditorResources/S_TriggerSphere.uasset" 21
"../../../Engine/Content/EditorResources/S_TriggerSphere.uexp" 22
"../../../Engine/Content/EngineMeshes/Sphere.uasset" 23
"../../../Engine/Content/EngineMeshes/Sphere.uexp" 24
"../../../Engine/Content/EngineResources/GradientTexture0.uasset" 25
"../../../Engine/Content/EngineResources/GradientTexture0.uexp" 26
"../../../Engine/Content/EngineResources/Black.uasset" 27
"../../../Engine/Content/EngineResources/Black.uexp" 28
"../../../Engine/Content/VREditor/LaserPointer/VR_LaserPower_01.ubulk" 29
"../../../Engine/Content/VREditor/LaserPointer/VR_LaserPower_01.uasset" 30
"../../../Engine/Content/VREditor/LaserPointer/VR_LaserPower_01.uexp" 31
"../../../Engine/Content/VREditor/TransformGizmo/TransformGizmoMaterial.uasset" 32
"../../../Engine/Content/VREditor/TransformGizmo/TransformGizmoMaterial.uexp" 33
"../../../Engine/Content/VREditor/TransformGizmo/TranslucentTransformGizmoMaterial.uasset" 34
"../../../Engine/Content/VREditor/TransformGizmo/TranslucentTransformGizmoMaterial.uexp" 35
"../../../Engine/Content/VREditor/TransformGizmo/PlaneTranslationHandle.uasset" 36
"../../../Engine/Content/VREditor/TransformGizmo/PlaneTranslationHandle.uexp" 37
"../../../Engine/Content/VREditor/TransformGizmo/BoundingBoxCorner.uasset" 38
"../../../Engine/Content/VREditor/TransformGizmo/BoundingBoxCorner.uexp" 39
"../../../Engine/Content/VREditor/TransformGizmo/BoundingBoxEdge.uasset" 40
"../../../Engine/Content/VREditor/TransformGizmo/BoundingBoxEdge.uexp" 41
"../../../Engine/Content/VREditor/TransformGizmo/Main.uasset" 42
"../../../Engine/Content/VREditor/TransformGizmo/Main.uexp" 43
"../../../Engine/Content/VREditor/TransformGizmo/Xray.uasset" 44
"../../../Engine/Content/VREditor/TransformGizmo/Xray.uexp" 45
"../../../Engine/Content/VREditor/TransformGizmo/SM_Sequencer_Node.uasset" 46
"../../../Engine/Content/VREditor/TransformGizmo/SM_Sequencer_Node.uexp" 47
"../../../Engine/Content/EditorMaterials/Camera/CineMat.uasset" 48
"../../../Engine/Content/EditorMaterials/Camera/CineMat.uexp" 49
"../../../Engine/Content/EditorMaterials/Camera/MI_CineMat_Rig.uasset" 50
"../../../Engine/Content/EditorMaterials/Camera/MI_CineMat_Rig.uexp" 51
"../../../Engine/Content/EditorMeshes/Camera/SM_CraneRig_Base.uasset" 52
"../../../Engine/Content/EditorMeshes/Camera/SM_CraneRig_Base.uexp" 53
"../../../Engine/Content/EditorMeshes/Camera/SM_CraneRig_Arm.uasset" 54
"../../../Engine/Content/EditorMeshes/Camera/SM_CraneRig_Arm.uexp" 55
"../../../Engine/Content/EditorMeshes/Camera/SM_CraneRig_Mount.uasset" 56
"../../../Engine/Content/EditorMeshes/Camera/SM_CraneRig_Mount.uexp" 57
"../../../Engine/Content/EditorMeshes/Camera/SM_CraneRig_Body.uasset" 58
"../../../Engine/Content/EditorMeshes/Camera/SM_CraneRig_Body.uexp" 59
"../../../Engine/Content/EditorMeshes/Camera/SM_RailRig_Track.uasset" 60
"../../../Engine/Content/EditorMeshes/Camera/SM_RailRig_Track.uexp" 61
"../../../Engine/Content/EditorMeshes/Camera/SM_RailRig_Mount.uasset" 62
"../../../Engine/Content/EditorMeshes/Camera/SM_RailRig_Mount.uexp" 63
"../../../Engine/Content/EngineMaterials/T_Default_Material_Grid_M.ubulk" 64
"../../../Engine/Content/EngineMaterials/T_Default_Material_Grid_M.uasset" 65
"../../../Engine/Content/EngineMaterials/T_Default_Material_Grid_M.uexp" 66
"../../../Engine/Content/EngineMaterials/T_Default_Material_Grid_N.ubulk" 67
"../../../Engine/Content/EngineMaterials/T_Default_Material_Grid_N.uasset" 68
"../../../Engine/Content/EngineMaterials/T_Default_Material_Grid_N.uexp" 69
"../../../Engine/Content/Functions/Engine_MaterialFunctions01/Opacity/CameraDepthFade.uasset" 70
"../../../Engine/Content/Functions/Engine_MaterialFunctions01/Opacity/CameraDepthFade.uexp" 71
"../../../Engine/Content/EngineMaterials/WorldGridMaterial.uasset" 72
"../../../Engine/Content/EngineMaterials/WorldGridMaterial.uexp" 73
"../../../Engine/Content/ArtTools/RenderToTexture/Meshes/S_1_Unit_Plane.uasset" 74
"../../../Engine/Content/ArtTools/RenderToTexture/Meshes/S_1_Unit_Plane.uexp" 75
"../../../Engine/Content/EditorMaterials/ParticleSystems/PSysThumbnail_NoImage.ubulk" 76
"../../../Engine/Content/EditorMaterials/ParticleSystems/PSysThumbnail_NoImage.uasset" 77
"../../../Engine/Content/EditorMaterials/ParticleSystems/PSysThumbnail_NoImage.uexp" 78
"../../../Engine/Content/EditorMaterials/ParticleSystems/PSysThumbnail_OOD.ubulk" 79
"../../../Engine/Content/EditorMaterials/ParticleSystems/PSysThumbnail_OOD.uasset" 80
"../../../Engine/Content/EditorMaterials/ParticleSystems/PSysThumbnail_OOD.uexp" 81
"../../../Engine/Content/EditorLandscapeResources/SplineEditorMeshMat.uasset" 82
"../../../Engine/Content/EditorLandscapeResources/SplineEditorMeshMat.uexp" 83
"../../../Engine/Content/EditorLandscapeResources/SplineEditorMesh.uasset" 84
"../../../Engine/Content/EditorLandscapeResources/SplineEditorMesh.uexp" 85
"../../../Engine/Content/EditorResources/S_Solver.ubulk" 86
"../../../Engine/Content/EditorResources/S_Solver.uasset" 87
"../../../Engine/Content/EditorResources/S_Solver.uexp" 88
"../../../Engine/Plugins/Media/MediaPlate/Content/SM_MediaPlateScreen.uasset" 89
"../../../Engine/Plugins/Media/MediaPlate/Content/SM_MediaPlateScreen.uexp" 90
"../../../Engine/Content/EngineMaterials/Good64x64TilingNoiseHighFreq.uasset" 91
"../../../Engine/Content/EngineMaterials/Good64x64TilingNoiseHighFreq.uexp" 92
"../../../Engine/Content/EngineMaterials/DefaultBokeh.uasset" 93
"../../../Engine/Content/EngineMaterials/DefaultBokeh.uexp" 94
"../../../Engine/Content/EngineMaterials/PreintegratedSkinBRDF.uasset" 95
"../../../Engine/Content/EngineMaterials/PreintegratedSkinBRDF.uexp" 96
"../../../Engine/Content/EngineMaterials/MiniFont.uasset" 97
"../../../Engine/Content/EngineMaterials/MiniFont.uexp" 98
"../../../Engine/Content/EngineMaterials/WeightMapPlaceholderTexture.uasset" 99
"../../../Engine/Content/EngineMaterials/WeightMapPlaceholderTexture.uexp" 100
"../../../Engine/Content/EngineMaterials/DefaultWhiteGrid.ubulk" 101
"../../../Engine/Content/EngineMaterials/DefaultWhiteGrid.uasset" 102
"../../../Engine/Content/EngineMaterials/DefaultWhiteGrid.uexp" 103
"../../../Engine/Plugins/2D/Paper2D/Content/PlaceholderTextures/DummySpriteTexture.ubulk" 104
"../../../Engine/Plugins/2D/Paper2D/Content/PlaceholderTextures/DummySpriteTexture.uasset" 105
"../../../Engine/Plugins/2D/Paper2D/Content/PlaceholderTextures/DummySpriteTexture.uexp" 106
"../../../Engine/Plugins/2D/Paper2D/Content/DefaultSpriteMaterial.uasset" 107
"../../../Engine/Plugins/2D/Paper2D/Content/DefaultSpriteMaterial.uexp" 108
"../../../Engine/Plugins/2D/Paper2D/Content/OpaqueUnlitSpriteMaterial.uasset" 109
"../../../Engine/Plugins/2D/Paper2D/Content/OpaqueUnlitSpriteMaterial.uexp" 110
"../../../Engine/Plugins/2D/Paper2D/Content/MaskedUnlitSpriteMaterial.uasset" 111
"../../../Engine/Plugins/2D/Paper2D/Content/MaskedUnlitSpriteMaterial.uexp" 112
"../../../Engine/Plugins/2D/Paper2D/Content/DummySprite.uasset" 113
"../../../Engine/Plugins/2D/Paper2D/Content/DummySprite.uexp" 114
"../../../Engine/Plugins/2D/Paper2D/Content/DefaultPaperTerrainMaterial.uasset" 115
"../../../Engine/Plugins/2D/Paper2D/Content/DefaultPaperTerrainMaterial.uexp" 116
"../../../Engine/Content/Functions/Engine_MaterialFunctions02/WorldPositionOffset/CameraOffset.uasset" 117
"../../../Engine/Content/Functions/Engine_MaterialFunctions02/WorldPositionOffset/CameraOffset.uexp" 118
"../../../Engine/Plugins/Animation/ControlRig/Content/M_Manip.uasset" 119
"../../../Engine/Plugins/Animation/ControlRig/Content/M_Manip.uexp" 120
"../../../Engine/Content/EngineResources/WhiteSquareTexture.uasset" 121
"../../../Engine/Content/EngineResources/WhiteSquareTexture.uexp" 122
"../../../Engine/Content/EngineMaterials/Widget3DPassThrough.uasset" 123
"../../../Engine/Content/EngineMaterials/Widget3DPassThrough.uexp" 124
"../../../Engine/Content/EngineMaterials/Widget3DPassThrough_Translucent.uasset" 125
"../../../Engine/Content/EngineMaterials/Widget3DPassThrough_Translucent.uexp" 126
"../../../Engine/Content/EngineMaterials/Widget3DPassThrough_Translucent_OneSided.uasset" 127
"../../../Engine/Content/EngineMaterials/Widget3DPassThrough_Translucent_OneSided.uexp" 128
"../../../Engine/Content/EngineMaterials/Widget3DPassThrough_Opaque.uasset" 129
"../../../Engine/Content/EngineMaterials/Widget3DPassThrough_Opaque.uexp" 130
"../../../Engine/Content/EngineMaterials/Widget3DPassThrough_Opaque_OneSided.uasset" 131
"../../../Engine/Content/EngineMaterials/Widget3DPassThrough_Opaque_OneSided.uexp" 132
"../../../Engine/Content/EngineMaterials/Widget3DPassThrough_Masked_OneSided.uasset" 133
"../../../Engine/Content/EngineMaterials/Widget3DPassThrough_Masked_OneSided.uexp" 134
"../../../Engine/Content/EngineMaterials/Widget3DPassThrough_Masked.uasset" 135
"../../../Engine/Content/EngineMaterials/Widget3DPassThrough_Masked.uexp" 136
"../../../Engine/Content/EngineMaterials/STBlueNoise_vec2_128x128x64.uasset" 137
"../../../Engine/Content/EngineMaterials/STBlueNoise_vec2_128x128x64.uexp" 138
"../../../Engine/Content/EngineMaterials/STBlueNoise_scalar_128x128x64.uasset" 139
"../../../Engine/Content/EngineMaterials/STBlueNoise_scalar_128x128x64.uexp" 140
"../../../Engine/Plugins/Editor/SpeedTreeImporter/Content/SpeedTree9/game_wind_noise.ubulk" 141
"../../../Engine/Plugins/Editor/SpeedTreeImporter/Content/SpeedTree9/game_wind_noise.uasset" 142
"../../../Engine/Plugins/Editor/SpeedTreeImporter/Content/SpeedTree9/game_wind_noise.uexp" 143
"../../../Engine/Plugins/Editor/SpeedTreeImporter/Content/SpeedTree9/UnpackDirection.uasset" 144
"../../../Engine/Plugins/Editor/SpeedTreeImporter/Content/SpeedTree9/UnpackDirection.uexp" 145
"../../../Engine/Content/Functions/Engine_MaterialFunctions02/ObjectLocalBounds.uasset" 146
"../../../Engine/Content/Functions/Engine_MaterialFunctions02/ObjectLocalBounds.uexp" 147
"../../../Engine/Content/Functions/Engine_MaterialFunctions02/Utility/BreakOutFloat3Components.uasset" 148
"../../../Engine/Content/Functions/Engine_MaterialFunctions02/Utility/BreakOutFloat3Components.uexp" 149
"../../../Engine/Content/Functions/Engine_MaterialFunctions02/UVs/BoundingBoxBased_0-1_UVW.uasset" 150
"../../../Engine/Content/Functions/Engine_MaterialFunctions02/UVs/BoundingBoxBased_0-1_UVW.uexp" 151
"../../../Engine/Content/Functions/Engine_MaterialFunctions02/Utility/VectorLength.uasset" 152
"../../../Engine/Content/Functions/Engine_MaterialFunctions02/Utility/VectorLength.uexp" 153
"../../../Engine/Plugins/Editor/SpeedTreeImporter/Content/SpeedTree9/UnpackInteger3.uasset" 154
"../../../Engine/Plugins/Editor/SpeedTreeImporter/Content/SpeedTree9/UnpackInteger3.uexp" 155
"../../../Engine/Plugins/Editor/SpeedTreeImporter/Content/SpeedTree9/SpeedTreeCameraFacing.uasset" 156
"../../../Engine/Plugins/Editor/SpeedTreeImporter/Content/SpeedTree9/SpeedTreeCameraFacing.uexp" 157
"../../../Engine/Content/Functions/Engine_MaterialFunctions02/WorldPositionOffset/ObjectScale.uasset" 158
"../../../Engine/Content/Functions/Engine_MaterialFunctions02/WorldPositionOffset/ObjectScale.uexp" 159
"../../../Engine/Content/Functions/Engine_MaterialFunctions02/SafeNormalize.uasset" 160
"../../../Engine/Content/Functions/Engine_MaterialFunctions02/SafeNormalize.uexp" 161
"../../../Engine/Plugins/Editor/SpeedTreeImporter/Content/SpeedTree9/SpeedTreeWindMotion.uasset" 162
"../../../Engine/Plugins/Editor/SpeedTreeImporter/Content/SpeedTree9/SpeedTreeWindMotion.uexp" 163
"../../../Engine/Plugins/Editor/SpeedTreeImporter/Content/SpeedTree9/SpeedTreeBranchMotion.uasset" 164
"../../../Engine/Plugins/Editor/SpeedTreeImporter/Content/SpeedTree9/SpeedTreeBranchMotion.uexp" 165
"../../../Engine/Plugins/Editor/SpeedTreeImporter/Content/SpeedTree9/SpeedTreeWind.uasset" 166
"../../../Engine/Plugins/Editor/SpeedTreeImporter/Content/SpeedTree9/SpeedTreeWind.uexp" 167
"../../../Engine/Plugins/Editor/SpeedTreeImporter/Content/SpeedTree9/EmptyNormal.uasset" 168
"../../../Engine/Plugins/Editor/SpeedTreeImporter/Content/SpeedTree9/EmptyNormal.uexp" 169
"../../../Engine/Plugins/Editor/SpeedTreeImporter/Content/SpeedTree9/Empty.uasset" 170
"../../../Engine/Plugins/Editor/SpeedTreeImporter/Content/SpeedTree9/Empty.uexp" 171
"../../../Engine/Plugins/Editor/SpeedTreeImporter/Content/SpeedTree9/SpeedTreeMaster.uasset" 172
"../../../Engine/Plugins/Editor/SpeedTreeImporter/Content/SpeedTree9/SpeedTreeMaster.uexp" 173
"../../../Engine/Plugins/Editor/SpeedTreeImporter/Content/SpeedTree9/SpeedTreeBillboard.uasset" 174
"../../../Engine/Plugins/Editor/SpeedTreeImporter/Content/SpeedTree9/SpeedTreeBillboard.uexp" 175
"../../../Engine/Plugins/Editor/SpeedTreeImporter/Content/SpeedTree9/SpeedTreeBillboardMaster.uasset" 176
"../../../Engine/Plugins/Editor/SpeedTreeImporter/Content/SpeedTree9/SpeedTreeBillboardMaster.uexp" 177
"../../../Engine/Plugins/Runtime/MeshModelingToolset/Content/Materials/M_DynamicMeshComponentVtxColor.uasset" 178
"../../../Engine/Plugins/Runtime/MeshModelingToolset/Content/Materials/M_DynamicMeshComponentVtxColor.uexp" 179
"../../../Engine/Plugins/Interchange/Runtime/Content/Pipelines/DefaultTexturePipeline.uasset" 180
"../../../Engine/Plugins/Interchange/Runtime/Content/Pipelines/DefaultTexturePipeline.uexp" 181
"../../../Engine/Plugins/Interchange/Runtime/Content/Pipelines/DefaultSceneLevelPipeline.uasset" 182
"../../../Engine/Plugins/Interchange/Runtime/Content/Pipelines/DefaultSceneLevelPipeline.uexp" 183
"../../../Engine/Plugins/Interchange/Runtime/Content/Pipelines/DefaultSceneAssetsPipeline.uasset" 184
"../../../Engine/Plugins/Interchange/Runtime/Content/Pipelines/DefaultSceneAssetsPipeline.uexp" 185
"../../../Engine/Plugins/Interchange/Runtime/Content/Pipelines/DefaultMaterialPipeline.uasset" 186
"../../../Engine/Plugins/Interchange/Runtime/Content/Pipelines/DefaultMaterialPipeline.uexp" 187
"../../../Engine/Plugins/Interchange/Runtime/Content/Pipelines/DefaultAssetsPipeline.uasset" 188
"../../../Engine/Plugins/Interchange/Runtime/Content/Pipelines/DefaultAssetsPipeline.uexp" 189
"../../../Engine/Plugins/Animation/ControlRig/Content/Controls/DefaultGizmoLibraryNormalized.uasset" 190
"../../../Engine/Plugins/Animation/ControlRig/Content/Controls/DefaultGizmoLibraryNormalized.uexp" 191
"../../../Engine/Plugins/Animation/ControlRig/Content/Controls/ControlRig_Wedge_solid.uasset" 192
"../../../Engine/Plugins/Animation/ControlRig/Content/Controls/ControlRig_Wedge_solid.uexp" 193
"../../../Engine/Plugins/Animation/ControlRig/Content/Controls/ControlRig_Wedge_3mm.uasset" 194
"../../../Engine/Plugins/Animation/ControlRig/Content/Controls/ControlRig_Wedge_3mm.uexp" 195
"../../../Engine/Plugins/Animation/ControlRig/Content/Controls/ControlRig_Wedge_1mm.uasset" 196
"../../../Engine/Plugins/Animation/ControlRig/Content/Controls/ControlRig_Wedge_1mm.uexp" 197
"../../../Engine/Plugins/Animation/ControlRig/Content/Controls/ControlRig_Triangle_solid.uasset" 198
"../../../Engine/Plugins/Animation/ControlRig/Content/Controls/ControlRig_Triangle_solid.uexp" 199
"../../../Engine/Plugins/Animation/ControlRig/Content/Controls/ControlRig_Triangle_3mm.uasset" 200
"../../../Engine/Plugins/Animation/ControlRig/Content/Controls/ControlRig_Triangle_3mm.uexp" 201
"../../../Engine/Plugins/Animation/ControlRig/Content/Controls/ControlRig_Triangle_1mm.uasset" 202
"../../../Engine/Plugins/Animation/ControlRig/Content/Controls/ControlRig_Triangle_1mm.uexp" 203
"../../../Engine/Plugins/Animation/ControlRig/Content/Controls/ControlRig_Star4_solid.uasset" 204
"../../../Engine/Plugins/Animation/ControlRig/Content/Controls/ControlRig_Star4_solid.uexp" 205
"../../../Engine/Plugins/Animation/ControlRig/Content/Controls/ControlRig_Star4_3mm.uasset" 206
"../../../Engine/Plugins/Animation/ControlRig/Content/Controls/ControlRig_Star4_3mm.uexp" 207
"../../../Engine/Plugins/Animation/ControlRig/Content/Controls/ControlRig_Star4_1mm.uasset" 208
"../../../Engine/Plugins/Animation/ControlRig/Content/Controls/ControlRig_Star4_1mm.uexp" 209
"../../../Engine/Plugins/Animation/ControlRig/Content/Controls/ControlRig_Square_solid.uasset" 210
"../../../Engine/Plugins/Animation/ControlRig/Content/Controls/ControlRig_Square_solid.uexp" 211
"../../../Engine/Plugins/Animation/ControlRig/Content/Controls/ControlRig_Square_3mm.uasset" 212
"../../../Engine/Plugins/Animation/ControlRig/Content/Controls/ControlRig_Square_3mm.uexp" 213
"../../../Engine/Plugins/Animation/ControlRig/Content/Controls/ControlRig_Square_1mm.uasset" 214
"../../../Engine/Plugins/Animation/ControlRig/Content/Controls/ControlRig_Square_1mm.uexp" 215
"../../../Engine/Plugins/Animation/ControlRig/Content/Controls/ControlRig_Sphere_solid.uasset" 216
"../../../Engine/Plugins/Animation/ControlRig/Content/Controls/ControlRig_Sphere_solid.uexp" 217
"../../../Engine/Plugins/Animation/ControlRig/Content/Controls/ControlRig_Sphere_3mm.uasset" 218
"../../../Engine/Plugins/Animation/ControlRig/Content/Controls/ControlRig_Sphere_3mm.uexp" 219
"../../../Engine/Plugins/Animation/ControlRig/Content/Controls/ControlRig_Sphere_1mm.uasset" 220
"../../../Engine/Plugins/Animation/ControlRig/Content/Controls/ControlRig_Sphere_1mm.uexp" 221
"../../../Engine/Plugins/Animation/ControlRig/Content/Controls/ControlRig_RoundedTriangle_solid.uasset" 222
"../../../Engine/Plugins/Animation/ControlRig/Content/Controls/ControlRig_RoundedTriangle_solid.uexp" 223
"../../../Engine/Plugins/Animation/ControlRig/Content/Controls/ControlRig_RoundedTriangle_3mm.uasset" 224
"../../../Engine/Plugins/Animation/ControlRig/Content/Controls/ControlRig_RoundedTriangle_3mm.uexp" 225
"../../../Engine/Plugins/Animation/ControlRig/Content/Controls/ControlRig_RoundedTriangle_1mm.uasset" 226
"../../../Engine/Plugins/Animation/ControlRig/Content/Controls/ControlRig_RoundedTriangle_1mm.uexp" 227
"../../../Engine/Plugins/Animation/ControlRig/Content/Controls/ControlRig_RoundedSquare_solid.uasset" 228
"../../../Engine/Plugins/Animation/ControlRig/Content/Controls/ControlRig_RoundedSquare_solid.uexp" 229
"../../../Engine/Plugins/Animation/ControlRig/Content/Controls/ControlRig_RoundedSquare_3mm.uasset" 230
"../../../Engine/Plugins/Animation/ControlRig/Content/Controls/ControlRig_RoundedSquare_3mm.uexp" 231
"../../../Engine/Plugins/Animation/ControlRig/Content/Controls/ControlRig_RoundedSquare_1mm.uasset" 232
"../../../Engine/Plugins/Animation/ControlRig/Content/Controls/ControlRig_RoundedSquare_1mm.uexp" 233
"../../../Engine/Plugins/Animation/ControlRig/Content/Controls/ControlRig_QuarterCircle_solid.uasset" 234
"../../../Engine/Plugins/Animation/ControlRig/Content/Controls/ControlRig_QuarterCircle_solid.uexp" 235
"../../../Engine/Plugins/Animation/ControlRig/Content/Controls/ControlRig_QuarterCircle_3mm.uasset" 236
"../../../Engine/Plugins/Animation/ControlRig/Content/Controls/ControlRig_QuarterCircle_3mm.uexp" 237
"../../../Engine/Plugins/Animation/ControlRig/Content/Controls/ControlRig_QuarterCircle_1mm.uasset" 238
"../../../Engine/Plugins/Animation/ControlRig/Content/Controls/ControlRig_QuarterCircle_1mm.uexp" 239
"../../../Engine/Plugins/Animation/ControlRig/Content/Controls/ControlRig_Pyramid_solid.uasset" 240
"../../../Engine/Plugins/Animation/ControlRig/Content/Controls/ControlRig_Pyramid_solid.uexp" 241
"../../../Engine/Plugins/Animation/ControlRig/Content/Controls/ControlRig_Pyramid_3mm.uasset" 242
"../../../Engine/Plugins/Animation/ControlRig/Content/Controls/ControlRig_Pyramid_3mm.uexp" 243
"../../../Engine/Plugins/Animation/ControlRig/Content/Controls/ControlRig_Pyramid_1mm.uasset" 244
"../../../Engine/Plugins/Animation/ControlRig/Content/Controls/ControlRig_Pyramid_1mm.uexp" 245
"../../../Engine/Plugins/Animation/ControlRig/Content/Controls/ControlRig_Octagon_solid.uasset" 246
"../../../Engine/Plugins/Animation/ControlRig/Content/Controls/ControlRig_Octagon_solid.uexp" 247
"../../../Engine/Plugins/Animation/ControlRig/Content/Controls/ControlRig_Octagon_3mm.uasset" 248
"../../../Engine/Plugins/Animation/ControlRig/Content/Controls/ControlRig_Octagon_3mm.uexp" 249
"../../../Engine/Plugins/Animation/ControlRig/Content/Controls/ControlRig_Octagon_1mm.uasset" 250
"../../../Engine/Plugins/Animation/ControlRig/Content/Controls/ControlRig_Octagon_1mm.uexp" 251
"../../../Engine/Plugins/Animation/ControlRig/Content/Controls/ControlRig_Hexagon_solid.uasset" 252
"../../../Engine/Plugins/Animation/ControlRig/Content/Controls/ControlRig_Hexagon_solid.uexp" 253
"../../../Engine/Plugins/Animation/ControlRig/Content/Controls/ControlRig_Hexagon_3mm.uasset" 254
"../../../Engine/Plugins/Animation/ControlRig/Content/Controls/ControlRig_Hexagon_3mm.uexp" 255
"../../../Engine/Plugins/Animation/ControlRig/Content/Controls/ControlRig_Hexagon_1mm.uasset" 256
"../../../Engine/Plugins/Animation/ControlRig/Content/Controls/ControlRig_Hexagon_1mm.uexp" 257
"../../../Engine/Plugins/Animation/ControlRig/Content/Controls/ControlRig_HalfCircle_solid.uasset" 258
"../../../Engine/Plugins/Animation/ControlRig/Content/Controls/ControlRig_HalfCircle_solid.uexp" 259
"../../../Engine/Plugins/Animation/ControlRig/Content/Controls/ControlRig_HalfCircle_3mm.uasset" 260
"../../../Engine/Plugins/Animation/ControlRig/Content/Controls/ControlRig_HalfCircle_3mm.uexp" 261
"../../../Engine/Plugins/Animation/ControlRig/Content/Controls/ControlRig_HalfCircle_1mm.uasset" 262
"../../../Engine/Plugins/Animation/ControlRig/Content/Controls/ControlRig_HalfCircle_1mm.uexp" 263
"../../../Engine/Plugins/Animation/ControlRig/Content/Controls/ControlRig_Diamond_solid.uasset" 264
"../../../Engine/Plugins/Animation/ControlRig/Content/Controls/ControlRig_Diamond_solid.uexp" 265
"../../../Engine/Plugins/Animation/ControlRig/Content/Controls/ControlRig_Diamond_3mm.uasset" 266
"../../../Engine/Plugins/Animation/ControlRig/Content/Controls/ControlRig_Diamond_3mm.uexp" 267
"../../../Engine/Plugins/Animation/ControlRig/Content/Controls/ControlRig_Diamond_1mm.uasset" 268
"../../../Engine/Plugins/Animation/ControlRig/Content/Controls/ControlRig_Diamond_1mm.uexp" 269
"../../../Engine/Plugins/Animation/ControlRig/Content/Controls/ControlRig_Circle_solid.uasset" 270
"../../../Engine/Plugins/Animation/ControlRig/Content/Controls/ControlRig_Circle_solid.uexp" 271
"../../../Engine/Plugins/Animation/ControlRig/Content/Controls/ControlRig_Circle_3mm.uasset" 272
"../../../Engine/Plugins/Animation/ControlRig/Content/Controls/ControlRig_Circle_3mm.uexp" 273
"../../../Engine/Plugins/Animation/ControlRig/Content/Controls/ControlRig_Circle_1mm.uasset" 274
"../../../Engine/Plugins/Animation/ControlRig/Content/Controls/ControlRig_Circle_1mm.uexp" 275
"../../../Engine/Plugins/Animation/ControlRig/Content/Controls/ControlRig_Box_solid.uasset" 276
"../../../Engine/Plugins/Animation/ControlRig/Content/Controls/ControlRig_Box_solid.uexp" 277
"../../../Engine/Plugins/Animation/ControlRig/Content/Controls/ControlRig_Box_3mm.uasset" 278
"../../../Engine/Plugins/Animation/ControlRig/Content/Controls/ControlRig_Box_3mm.uexp" 279
"../../../Engine/Plugins/Animation/ControlRig/Content/Controls/ControlRig_Box_1mm.uasset" 280
"../../../Engine/Plugins/Animation/ControlRig/Content/Controls/ControlRig_Box_1mm.uexp" 281
"../../../Engine/Plugins/Animation/ControlRig/Content/Controls/ControlRig_Arrow_solid.uasset" 282
"../../../Engine/Plugins/Animation/ControlRig/Content/Controls/ControlRig_Arrow_solid.uexp" 283
"../../../Engine/Plugins/Animation/ControlRig/Content/Controls/ControlRig_Arrow_3mm.uasset" 284
"../../../Engine/Plugins/Animation/ControlRig/Content/Controls/ControlRig_Arrow_3mm.uexp" 285
"../../../Engine/Plugins/Animation/ControlRig/Content/Controls/ControlRig_Arrow_1mm.uasset" 286
"../../../Engine/Plugins/Animation/ControlRig/Content/Controls/ControlRig_Arrow_1mm.uexp" 287
"../../../Engine/Plugins/Animation/ControlRig/Content/Controls/ControlRig_Arrow4_solid.uasset" 288
"../../../Engine/Plugins/Animation/ControlRig/Content/Controls/ControlRig_Arrow4_solid.uexp" 289
"../../../Engine/Plugins/Animation/ControlRig/Content/Controls/ControlRig_Arrow4_3mm.uasset" 290
"../../../Engine/Plugins/Animation/ControlRig/Content/Controls/ControlRig_Arrow4_3mm.uexp" 291
"../../../Engine/Plugins/Animation/ControlRig/Content/Controls/ControlRig_Arrow4_1mm.uasset" 292
"../../../Engine/Plugins/Animation/ControlRig/Content/Controls/ControlRig_Arrow4_1mm.uexp" 293
"../../../Engine/Plugins/Animation/ControlRig/Content/Controls/ControlRig_Arrow2_solid.uasset" 294
"../../../Engine/Plugins/Animation/ControlRig/Content/Controls/ControlRig_Arrow2_solid.uexp" 295
"../../../Engine/Plugins/Animation/ControlRig/Content/Controls/ControlRig_Arrow2_3mm.uasset" 296
"../../../Engine/Plugins/Animation/ControlRig/Content/Controls/ControlRig_Arrow2_3mm.uexp" 297
"../../../Engine/Plugins/Animation/ControlRig/Content/Controls/ControlRig_Arrow2_1mm.uasset" 298
"../../../Engine/Plugins/Animation/ControlRig/Content/Controls/ControlRig_Arrow2_1mm.uexp" 299
"../../../Engine/Plugins/Animation/ControlRig/Content/Controls/ControlRigXRayMaterial.uasset" 300
"../../../Engine/Plugins/Animation/ControlRig/Content/Controls/ControlRigXRayMaterial.uexp" 301
"../../../Engine/Plugins/Animation/ControlRig/Content/Controls/ControlRigGizmoMaterial.uasset" 302
"../../../Engine/Plugins/Animation/ControlRig/Content/Controls/ControlRigGizmoMaterial.uexp" 303
"../../../Engine/Content/EngineSounds/Master.uasset" 304
"../../../Engine/Content/EngineSounds/Master.uexp" 305
"../../../Engine/Content/EngineSky/T_Sky_Stars.ubulk" 306
"../../../Engine/Content/EngineSky/T_Sky_Stars.uasset" 307
"../../../Engine/Content/EngineSky/T_Sky_Stars.uexp" 308
"../../../Engine/Content/EngineSky/T_Sky_Clouds_M.ubulk" 309
"../../../Engine/Content/EngineSky/T_Sky_Clouds_M.uasset" 310
"../../../Engine/Content/EngineSky/T_Sky_Clouds_M.uexp" 311
"../../../Engine/Content/EngineSky/T_Sky_Blue.ubulk" 312
"../../../Engine/Content/EngineSky/T_Sky_Blue.uasset" 313
"../../../Engine/Content/EngineSky/T_Sky_Blue.uexp" 314
"../../../Engine/Content/EngineSky/M_Sky_Panning_Clouds2.uasset" 315
"../../../Engine/Content/EngineSky/M_Sky_Panning_Clouds2.uexp" 316
"../../../Engine/Content/EngineSky/SM_SkySphere.uasset" 317
"../../../Engine/Content/EngineSky/SM_SkySphere.uexp" 318
"../../../Engine/Content/EngineSky/M_SimpleSkyDome.uasset" 319
"../../../Engine/Content/EngineSky/M_SimpleSkyDome.uexp" 320
"../../../Engine/Content/EngineMaterials/RemoveSurfaceMaterial.uasset" 321
"../../../Engine/Content/EngineMaterials/RemoveSurfaceMaterial.uexp" 322
"../../../Engine/Content/EngineMaterials/DefaultCalibrationGrayscale.uasset" 323
"../../../Engine/Content/EngineMaterials/DefaultCalibrationGrayscale.uexp" 324
"../../../Engine/Content/EngineMaterials/PPM_DefaultCalibrationGrayscale.uasset" 325
"../../../Engine/Content/EngineMaterials/PPM_DefaultCalibrationGrayscale.uexp" 326
"../../../Engine/Content/EngineMaterials/DefaultCalibrationColor.uasset" 327
"../../../Engine/Content/EngineMaterials/DefaultCalibrationColor.uexp" 328
"../../../Engine/Content/EngineMaterials/PPM_DefaultCalibrationColor.uasset" 329
"../../../Engine/Content/EngineMaterials/PPM_DefaultCalibrationColor.uexp" 330
"../../../Engine/Content/EngineMaterials/PhAT_JointLimitMaterial.uasset" 331
"../../../Engine/Content/EngineMaterials/PhAT_JointLimitMaterial.uexp" 332
"../../../Engine/Content/EngineMaterials/NaniteHiddenSectionMaterial.uasset" 333
"../../../Engine/Content/EngineMaterials/NaniteHiddenSectionMaterial.uexp" 334
"../../../Engine/Content/EngineMaterials/InvalidLightmapSettings.ubulk" 335
"../../../Engine/Content/EngineMaterials/InvalidLightmapSettings.uasset" 336
"../../../Engine/Content/EngineMaterials/InvalidLightmapSettings.uexp" 337
"../../../Engine/Content/EngineMaterials/M_InvalidLightmapSettings.uasset" 338
"../../../Engine/Content/EngineMaterials/M_InvalidLightmapSettings.uexp" 339
"../../../Engine/Content/EngineMaterials/GizmoMaterial.uasset" 340
"../../../Engine/Content/EngineMaterials/GizmoMaterial.uexp" 341
"../../../Engine/Content/EngineMaterials/BaseFlattenEmissiveMap_VT.uasset" 342
"../../../Engine/Content/EngineMaterials/BaseFlattenEmissiveMap_VT.uexp" 343
"../../../Engine/Content/EngineMaterials/BaseFlattenGrayscaleMap_VT.uasset" 344
"../../../Engine/Content/EngineMaterials/BaseFlattenGrayscaleMap_VT.uexp" 345
"../../../Engine/Content/EngineMaterials/BaseFlattenLinearColor_VT.uasset" 346
"../../../Engine/Content/EngineMaterials/BaseFlattenLinearColor_VT.uexp" 347
"../../../Engine/Content/EngineMaterials/Black_1x1_EXR_Texture_VT.uasset" 348
"../../../Engine/Content/EngineMaterials/Black_1x1_EXR_Texture_VT.uexp" 349
"../../../Engine/Content/EngineMaterials/BaseFlattenDiffuseMap_VT.uasset" 350
"../../../Engine/Content/EngineMaterials/BaseFlattenDiffuseMap_VT.uexp" 351
"../../../Engine/Content/EngineMaterials/BaseFlattenNormalMap_VT.uasset" 352
"../../../Engine/Content/EngineMaterials/BaseFlattenNormalMap_VT.uexp" 353
"../../../Engine/Content/EngineMaterials/FlattenMaterial_WS_Normal_VT.uasset" 354
"../../../Engine/Content/EngineMaterials/FlattenMaterial_WS_Normal_VT.uexp" 355
"../../../Engine/Content/EngineMaterials/FlattenMaterial_VT.uasset" 356
"../../../Engine/Content/EngineMaterials/FlattenMaterial_VT.uexp" 357
"../../../Engine/Content/EngineMaterials/BaseFlattenNormalMap.uasset" 358
"../../../Engine/Content/EngineMaterials/BaseFlattenNormalMap.uexp" 359
"../../../Engine/Content/EngineMaterials/BaseFlattenGrayscaleMap.uasset" 360
"../../../Engine/Content/EngineMaterials/BaseFlattenGrayscaleMap.uexp" 361
"../../../Engine/Content/EngineMaterials/BaseFlattenDiffuseMap.uasset" 362
"../../../Engine/Content/EngineMaterials/BaseFlattenDiffuseMap.uexp" 363
"../../../Engine/Content/Functions/Engine_MaterialFunctions02/PivotPainter2/Black_1x1_EXR_Texture.uasset" 364
"../../../Engine/Content/Functions/Engine_MaterialFunctions02/PivotPainter2/Black_1x1_EXR_Texture.uexp" 365
"../../../Engine/Content/EngineMaterials/BaseFlattenEmissiveMap.uasset" 366
"../../../Engine/Content/EngineMaterials/BaseFlattenEmissiveMap.uexp" 367
"../../../Engine/Content/EngineMaterials/BaseFlattenLinearColor.uasset" 368
"../../../Engine/Content/EngineMaterials/BaseFlattenLinearColor.uexp" 369
"../../../Engine/Content/EngineMaterials/FlattenMaterial.uasset" 370
"../../../Engine/Content/EngineMaterials/FlattenMaterial.uexp" 371
"../../../Engine/Content/EngineMaterials/DefaultWhiteGrid_Low.uasset" 372
"../../../Engine/Content/EngineMaterials/DefaultWhiteGrid_Low.uexp" 373
"../../../Engine/Content/EngineMaterials/EmissiveMeshMaterial.uasset" 374
"../../../Engine/Content/EngineMaterials/EmissiveMeshMaterial.uexp" 375
"../../../Engine/Content/EngineFonts/RobotoDistanceField.uasset" 376
"../../../Engine/Content/EngineFonts/RobotoDistanceField.uexp" 377
"../../../Engine/Content/EngineMaterials/DefaultTextMaterialOpaque.uasset" 378
"../../../Engine/Content/EngineMaterials/DefaultTextMaterialOpaque.uexp" 379
"../../../Engine/Content/EngineMaterials/DefaultDiffuse.ubulk" 380
"../../../Engine/Content/EngineMaterials/DefaultDiffuse.uasset" 381
"../../../Engine/Content/EngineMaterials/DefaultDiffuse.uexp" 382
"../../../Engine/Content/Functions/Engine_MaterialFunctions02/Utility/BreakOutFloat2Components.uasset" 383
"../../../Engine/Content/Functions/Engine_MaterialFunctions02/Utility/BreakOutFloat2Components.uexp" 384
"../../../Engine/Content/EngineMaterials/DefaultPostProcessMaterial.uasset" 385
"../../../Engine/Content/EngineMaterials/DefaultPostProcessMaterial.uexp" 386
"../../../Engine/Content/EngineMaterials/DefaultPhysicalMaterial.uasset" 387
"../../../Engine/Content/EngineMaterials/DefaultPhysicalMaterial.uexp" 388
"../../../Engine/Content/EngineMaterials/DefaultLightFunctionMaterial.uasset" 389
"../../../Engine/Content/EngineMaterials/DefaultLightFunctionMaterial.uexp" 390
"../../../Engine/Content/EngineMaterials/DefaultDestructiblePhysicalMaterial.uasset" 391
"../../../Engine/Content/EngineMaterials/DefaultDestructiblePhysicalMaterial.uexp" 392
"../../../Engine/Content/EngineMaterials/DefaultDeferredDecalMaterial.uasset" 393
"../../../Engine/Content/EngineMaterials/DefaultDeferredDecalMaterial.uexp" 394
"../../../Engine/Content/EngineMaterials/DefaultBloomKernel.uasset" 395
"../../../Engine/Content/EngineMaterials/DefaultBloomKernel.uexp" 396
"../../../Engine/Content/EngineFonts/Faces/RobotoLight.uexp" 397
"../../../Engine/Content/EngineFonts/Faces/RobotoLight.uasset" 398
"../../../Engine/Content/EngineFonts/Faces/RobotoLight.ufont" 399
"../../../Engine/Content/EngineFonts/Faces/RobotoBold.uexp" 400
"../../../Engine/Content/EngineFonts/Faces/RobotoBold.uasset" 401
"../../../Engine/Content/EngineFonts/Faces/RobotoBold.ufont" 402
"../../../Engine/Content/EngineFonts/Faces/RobotoRegular.uexp" 403
"../../../Engine/Content/EngineFonts/Faces/RobotoRegular.uasset" 404
"../../../Engine/Content/EngineFonts/Faces/RobotoRegular.ufont" 405
"../../../Engine/Content/EngineFonts/Faces/DroidSansFallback.uexp" 406
"../../../Engine/Content/EngineFonts/Faces/DroidSansFallback.uasset" 407
"../../../Engine/Content/EngineFonts/Faces/DroidSansFallback.ufont" 408
"../../../Engine/Content/EngineFonts/Faces/RobotoItalic.uexp" 409
"../../../Engine/Content/EngineFonts/Faces/RobotoItalic.uasset" 410
"../../../Engine/Content/EngineFonts/Faces/RobotoItalic.ufont" 411
"../../../Engine/Content/EngineFonts/Faces/RobotoBoldItalic.uexp" 412
"../../../Engine/Content/EngineFonts/Faces/RobotoBoldItalic.uasset" 413
"../../../Engine/Content/EngineFonts/Faces/RobotoBoldItalic.ufont" 414
"../../../Engine/Content/EngineFonts/Roboto.uasset" 415
"../../../Engine/Content/EngineFonts/Roboto.uexp" 416
"../../../Engine/Content/Functions/Engine_MaterialFunctions02/Utility/CameraDirectionVector.uasset" 417
"../../../Engine/Content/Functions/Engine_MaterialFunctions02/Utility/CameraDirectionVector.uexp" 418
"../../../Engine/Content/EngineDebugMaterials/VolumeToRender.uasset" 419
"../../../Engine/Content/EngineDebugMaterials/VolumeToRender.uexp" 420
"../../../Engine/Content/EngineDebugMaterials/M_VolumeRenderSphereTracePP.uasset" 421
"../../../Engine/Content/EngineDebugMaterials/M_VolumeRenderSphereTracePP.uexp" 422
"../../../Engine/Content/EngineDebugMaterials/M_SimpleUnlitTranslucent.uasset" 423
"../../../Engine/Content/EngineDebugMaterials/M_SimpleUnlitTranslucent.uexp" 424
"../../../Engine/Content/EngineDebugMaterials/DebugMeshMaterial.uasset" 425
"../../../Engine/Content/EngineDebugMaterials/DebugMeshMaterial.uexp" 426
"../../../Engine/Content/EngineDebugMaterials/DebugEditorMaterial.uasset" 427
"../../../Engine/Content/EngineDebugMaterials/DebugEditorMaterial.uexp" 428
"../../../Engine/Content/EngineDamageTypes/DmgTypeBP_Environmental.uasset" 429
"../../../Engine/Content/EngineDamageTypes/DmgTypeBP_Environmental.uexp" 430
"../../../Engine/Content/EditorResources/S_Terrain.ubulk" 431
"../../../Engine/Content/EditorResources/S_Terrain.uasset" 432
"../../../Engine/Content/EditorResources/S_Terrain.uexp" 433
"../../../Engine/Content/EditorResources/EmptyActor.uasset" 434
"../../../Engine/Content/EditorResources/EmptyActor.uexp" 435
"../../../Engine/Content/EditorResources/BSPVertex.uasset" 436
"../../../Engine/Content/EditorResources/BSPVertex.uexp" 437
"../../../Engine/Content/EditorMaterials/PreviewShadowIndicator.ubulk" 438
"../../../Engine/Content/EditorMaterials/PreviewShadowIndicator.uasset" 439
"../../../Engine/Content/EditorMaterials/PreviewShadowIndicator.uexp" 440
"../../../Engine/Content/EditorMaterials/PreviewShadowIndicatorMaterial.uasset" 441
"../../../Engine/Content/EditorMaterials/PreviewShadowIndicatorMaterial.uexp" 442
"../../../Engine/Content/EditorMaterials/PhAT_UnselectedMaterial.uasset" 443
"../../../Engine/Content/EditorMaterials/PhAT_UnselectedMaterial.uexp" 444
"../../../Engine/Content/EditorMaterials/PhAT_NoCollisionMaterial.uasset" 445
"../../../Engine/Content/EditorMaterials/PhAT_NoCollisionMaterial.uexp" 446
"../../../Engine/Content/EditorLandscapeResources/DefaultAlphaTexture.uasset" 447
"../../../Engine/Content/EditorLandscapeResources/DefaultAlphaTexture.uexp" 448
"../../../Engine/Content/EditorLandscapeResources/DataLayer.uasset" 449
"../../../Engine/Content/EditorLandscapeResources/DataLayer.uexp" 450
"../../../Engine/Content/EngineMaterials/DefaultMaterial.uasset" 451
"../../../Engine/Content/EngineMaterials/DefaultMaterial.uexp" 452
"../../../Engine/Content/BasicShapes/Sphere.uasset" 453
"../../../Engine/Content/BasicShapes/Sphere.uexp" 454
"../../../Engine/Content/BasicShapes/Plane.uasset" 455
"../../../Engine/Content/BasicShapes/Plane.uexp" 456
"../../../Engine/Content/BasicShapes/Cylinder.uasset" 457
"../../../Engine/Content/BasicShapes/Cylinder.uexp" 458
"../../../Engine/Content/BasicShapes/Cube.uasset" 459
"../../../Engine/Content/BasicShapes/Cube.uexp" 460
"../../../Engine/Content/BasicShapes/Cone.uasset" 461
"../../../Engine/Content/BasicShapes/Cone.uexp" 462
"E:/Epic Games/project/AndroidGame/Content/FirstPerson/Input/Actions/IA_Shoot.uasset" 463
"E:/Epic Games/project/AndroidGame/Content/FirstPerson/Input/Actions/IA_Shoot.uexp" 464
"E:/Epic Games/project/AndroidGame/Content/FirstPerson/Input/IMC_Weapons.uasset" 465
"E:/Epic Games/project/AndroidGame/Content/FirstPerson/Input/IMC_Weapons.uexp" 466
"E:/Epic Games/project/AndroidGame/Content/FPWeapon/Mesh/SK_FPGun_Skeleton.uasset" 467
"E:/Epic Games/project/AndroidGame/Content/FPWeapon/Mesh/SK_FPGun_Skeleton.uexp" 468
"E:/Epic Games/project/AndroidGame/Content/FPWeapon/Materials/MaterialLayers/T_ML_Rubber_Blue_01_D.ubulk" 469
"E:/Epic Games/project/AndroidGame/Content/FPWeapon/Materials/MaterialLayers/T_ML_Rubber_Blue_01_D.uasset" 470
"E:/Epic Games/project/AndroidGame/Content/FPWeapon/Materials/MaterialLayers/T_ML_Rubber_Blue_01_D.uexp" 471
"E:/Epic Games/project/AndroidGame/Content/FPWeapon/Textures/T_FPGun_N.ubulk" 472
"E:/Epic Games/project/AndroidGame/Content/FPWeapon/Textures/T_FPGun_N.uasset" 473
"E:/Epic Games/project/AndroidGame/Content/FPWeapon/Textures/T_FPGun_N.uexp" 474
"../../../Engine/Content/Functions/Engine_MaterialFunctions02/Utility/BlendAngleCorrectedNormals.uasset" 475
"../../../Engine/Content/Functions/Engine_MaterialFunctions02/Utility/BlendAngleCorrectedNormals.uexp" 476
"../../../Engine/Content/Functions/MaterialLayerFunctions/MatLayerBlend_NormalBlend.uasset" 477
"../../../Engine/Content/Functions/MaterialLayerFunctions/MatLayerBlend_NormalBlend.uexp" 478
"E:/Epic Games/project/AndroidGame/Content/FPWeapon/Materials/MaterialLayers/T_ML_Rubber_Blue_01_N.ubulk" 479
"E:/Epic Games/project/AndroidGame/Content/FPWeapon/Materials/MaterialLayers/T_ML_Rubber_Blue_01_N.uasset" 480
"E:/Epic Games/project/AndroidGame/Content/FPWeapon/Materials/MaterialLayers/T_ML_Rubber_Blue_01_N.uexp" 481
"E:/Epic Games/project/AndroidGame/Content/FPWeapon/Materials/MaterialLayers/ML_Screen.uasset" 482
"E:/Epic Games/project/AndroidGame/Content/FPWeapon/Materials/MaterialLayers/ML_Screen.uexp" 483
"E:/Epic Games/project/AndroidGame/Content/FPWeapon/Materials/MaterialLayers/T_ML_Aluminum01_N.ubulk" 484
"E:/Epic Games/project/AndroidGame/Content/FPWeapon/Materials/MaterialLayers/T_ML_Aluminum01_N.uasset" 485
"E:/Epic Games/project/AndroidGame/Content/FPWeapon/Materials/MaterialLayers/T_ML_Aluminum01_N.uexp" 486
"E:/Epic Games/project/AndroidGame/Content/FPWeapon/Materials/MaterialLayers/T_ML_Aluminum01.ubulk" 487
"E:/Epic Games/project/AndroidGame/Content/FPWeapon/Materials/MaterialLayers/T_ML_Aluminum01.uasset" 488
"E:/Epic Games/project/AndroidGame/Content/FPWeapon/Materials/MaterialLayers/T_ML_Aluminum01.uexp" 489
"E:/Epic Games/project/AndroidGame/Content/FPWeapon/Materials/MaterialLayers/ML_SoftMetal_UE4.uasset" 490
"E:/Epic Games/project/AndroidGame/Content/FPWeapon/Materials/MaterialLayers/ML_SoftMetal_UE4.uexp" 491
"../../../Engine/Content/Functions/MaterialLayerFunctions/MatLayerBlend_Simple.uasset" 492
"../../../Engine/Content/Functions/MaterialLayerFunctions/MatLayerBlend_Simple.uexp" 493
"E:/Epic Games/project/AndroidGame/Content/FPWeapon/Textures/T_FPGun_M.ubulk" 494
"E:/Epic Games/project/AndroidGame/Content/FPWeapon/Textures/T_FPGun_M.uasset" 495
"E:/Epic Games/project/AndroidGame/Content/FPWeapon/Textures/T_FPGun_M.uexp" 496
"E:/Epic Games/project/AndroidGame/Content/FPWeapon/Materials/MaterialLayers/ML_Plastic_Shiny_Beige.uasset" 497
"E:/Epic Games/project/AndroidGame/Content/FPWeapon/Materials/MaterialLayers/ML_Plastic_Shiny_Beige.uexp" 498
"E:/Epic Games/project/AndroidGame/Content/FPWeapon/Materials/MaterialLayers/ML_GlossyBlack_Latex_UE4.uasset" 499
"E:/Epic Games/project/AndroidGame/Content/FPWeapon/Materials/MaterialLayers/ML_GlossyBlack_Latex_UE4.uexp" 500
"E:/Epic Games/project/AndroidGame/Content/FPWeapon/Materials/M_FPGun.uasset" 501
"E:/Epic Games/project/AndroidGame/Content/FPWeapon/Materials/M_FPGun.uexp" 502
"E:/Epic Games/project/AndroidGame/Content/FPWeapon/Mesh/SK_FPGun_Physics.uasset" 503
"E:/Epic Games/project/AndroidGame/Content/FPWeapon/Mesh/SK_FPGun_Physics.uexp" 504
"E:/Epic Games/project/AndroidGame/Content/FPWeapon/Mesh/SK_FPGun.uasset" 505
"E:/Epic Games/project/AndroidGame/Content/FPWeapon/Mesh/SK_FPGun.uexp" 506
"E:/Epic Games/project/AndroidGame/Content/FPWeapon/Audio/FirstPersonTemplateWeaponFire02.ubulk" 507
"E:/Epic Games/project/AndroidGame/Content/FPWeapon/Audio/FirstPersonTemplateWeaponFire02.uasset" 508
"E:/Epic Games/project/AndroidGame/Content/FPWeapon/Audio/FirstPersonTemplateWeaponFire02.uexp" 509
"E:/Epic Games/project/AndroidGame/Content/FPWeapon/Materials/BaseMaterial.uasset" 510
"E:/Epic Games/project/AndroidGame/Content/FPWeapon/Materials/BaseMaterial.uexp" 511
"E:/Epic Games/project/AndroidGame/Content/FPWeapon/Materials/FirstPersonProjectileMaterial.uasset" 512
"E:/Epic Games/project/AndroidGame/Content/FPWeapon/Materials/FirstPersonProjectileMaterial.uexp" 513
"E:/Epic Games/project/AndroidGame/Content/FPWeapon/Mesh/FirstPersonProjectileMesh.uasset" 514
"E:/Epic Games/project/AndroidGame/Content/FPWeapon/Mesh/FirstPersonProjectileMesh.uexp" 515
"E:/Epic Games/project/AndroidGame/Content/FirstPerson/Blueprints/BP_FirstPersonProjectile.uasset" 516
"E:/Epic Games/project/AndroidGame/Content/FirstPerson/Blueprints/BP_FirstPersonProjectile.uexp" 517
"../../../Engine/Content/Animation/DefaultAnimCurveCompressionSettings.uasset" 518
"../../../Engine/Content/Animation/DefaultAnimCurveCompressionSettings.uexp" 519
"../../../Engine/Content/Animation/DefaultAnimBoneCompressionSettings.uasset" 520
"../../../Engine/Content/Animation/DefaultAnimBoneCompressionSettings.uexp" 521
"E:/Epic Games/project/AndroidGame/Content/FirstPersonArms/Character/Mesh/SK_Mannequin_Arms_Skeleton.uasset" 522
"E:/Epic Games/project/AndroidGame/Content/FirstPersonArms/Character/Mesh/SK_Mannequin_Arms_Skeleton.uexp" 523
"E:/Epic Games/project/AndroidGame/Content/FirstPersonArms/Animations/FP_Rifle_Fire.uasset" 524
"E:/Epic Games/project/AndroidGame/Content/FirstPersonArms/Animations/FP_Rifle_Fire.uexp" 525
"E:/Epic Games/project/AndroidGame/Content/FirstPersonArms/Animations/FP_Rifle_Shoot_Montage.uasset" 526
"E:/Epic Games/project/AndroidGame/Content/FirstPersonArms/Animations/FP_Rifle_Shoot_Montage.uexp" 527
"E:/Epic Games/project/AndroidGame/Content/FirstPerson/Blueprints/BP_PickUp_Rifle.uasset" 528
"E:/Epic Games/project/AndroidGame/Content/FirstPerson/Blueprints/BP_PickUp_Rifle.uexp" 529
"E:/Epic Games/project/AndroidGame/Content/LevelPrototyping/Textures/T_GridChecker_A.ubulk" 530
"E:/Epic Games/project/AndroidGame/Content/LevelPrototyping/Textures/T_GridChecker_A.uasset" 531
"E:/Epic Games/project/AndroidGame/Content/LevelPrototyping/Textures/T_GridChecker_A.uexp" 532
"../../../Engine/Content/Functions/Engine_MaterialFunctions02/Utility/MakeFloat3.uasset" 533
"../../../Engine/Content/Functions/Engine_MaterialFunctions02/Utility/MakeFloat3.uexp" 534
"../../../Engine/Content/Functions/Engine_MaterialFunctions01/Gradient/LinearGradient.uasset" 535
"../../../Engine/Content/Functions/Engine_MaterialFunctions01/Gradient/LinearGradient.uexp" 536
"../../../Engine/Content/Functions/Engine_MaterialFunctions01/ImageAdjustment/CheapContrast.uasset" 537
"../../../Engine/Content/Functions/Engine_MaterialFunctions01/ImageAdjustment/CheapContrast.uexp" 538
"E:/Epic Games/project/AndroidGame/Content/LevelPrototyping/Materials/MF_ProcGrid.uasset" 539
"E:/Epic Games/project/AndroidGame/Content/LevelPrototyping/Materials/MF_ProcGrid.uexp" 540
"E:/Epic Games/project/AndroidGame/Content/LevelPrototyping/Materials/M_PrototypeGrid.uasset" 541
"E:/Epic Games/project/AndroidGame/Content/LevelPrototyping/Materials/M_PrototypeGrid.uexp" 542
"E:/Epic Games/project/AndroidGame/Content/LevelPrototyping/Materials/MI_PrototypeGrid_TopDark.uasset" 543
"E:/Epic Games/project/AndroidGame/Content/LevelPrototyping/Materials/MI_PrototypeGrid_TopDark.uexp" 544
"E:/Epic Games/project/AndroidGame/Content/LevelPrototyping/Materials/MI_PrototypeGrid_Gray_02.uasset" 545
"E:/Epic Games/project/AndroidGame/Content/LevelPrototyping/Materials/MI_PrototypeGrid_Gray_02.uexp" 546
"E:/Epic Games/project/AndroidGame/Content/FPWeapon/Mesh/SK_FPGun_PhysicsAsset.uasset" 547
"E:/Epic Games/project/AndroidGame/Content/FPWeapon/Mesh/SK_FPGun_PhysicsAsset.uexp" 548
"../../../Engine/Content/Animation/DefaultRecorderBoneCompression.uasset" 549
"../../../Engine/Content/Animation/DefaultRecorderBoneCompression.uexp" 550
"E:/Epic Games/project/AndroidGame/Content/FirstPersonArms/Animations/FP_Walk_Fwd.uasset" 551
"E:/Epic Games/project/AndroidGame/Content/FirstPersonArms/Animations/FP_Walk_Fwd.uexp" 552
"E:/Epic Games/project/AndroidGame/Content/FirstPerson/Maps/FirstPersonMap_BuiltData.ubulk" 553
"E:/Epic Games/project/AndroidGame/Content/FirstPerson/Maps/FirstPersonMap_BuiltData.uasset" 554
"E:/Epic Games/project/AndroidGame/Content/FirstPerson/Maps/FirstPersonMap_BuiltData.uexp" 555
"../../../Engine/Content/EngineSky/VolumetricClouds/CloudWeatherTexture.uasset" 556
"../../../Engine/Content/EngineSky/VolumetricClouds/CloudWeatherTexture.uexp" 557
"../../../Engine/Content/Functions/Engine_MaterialFunctions02/Utility/MakeFloat2.uasset" 558
"../../../Engine/Content/Functions/Engine_MaterialFunctions02/Utility/MakeFloat2.uexp" 559
"../../../Engine/Content/EngineSky/VolumetricClouds/CloudGradientTexture.uasset" 560
"../../../Engine/Content/EngineSky/VolumetricClouds/CloudGradientTexture.uexp" 561
"../../../Engine/Content/EngineSky/VolumetricClouds/T_NoiseShape64.ubulk" 562
"../../../Engine/Content/EngineSky/VolumetricClouds/T_NoiseShape64.uasset" 563
"../../../Engine/Content/EngineSky/VolumetricClouds/T_NoiseShape64.uexp" 564
"../../../Engine/Content/EngineSky/VolumetricClouds/T_VolumeNoiseShape64.uasset" 565
"../../../Engine/Content/EngineSky/VolumetricClouds/T_VolumeNoiseShape64.uexp" 566
"../../../Engine/Content/EngineSky/VolumetricClouds/T_NoiseErosion.ubulk" 567
"../../../Engine/Content/EngineSky/VolumetricClouds/T_NoiseErosion.uasset" 568
"../../../Engine/Content/EngineSky/VolumetricClouds/T_NoiseErosion.uexp" 569
"../../../Engine/Content/EngineSky/VolumetricClouds/T_VolumeNoiseErosion32.uasset" 570
"../../../Engine/Content/EngineSky/VolumetricClouds/T_VolumeNoiseErosion32.uexp" 571
"../../../Engine/Content/EngineSky/VolumetricClouds/m_SimpleVolumetricCloud.uasset" 572
"../../../Engine/Content/EngineSky/VolumetricClouds/m_SimpleVolumetricCloud.uexp" 573
"../../../Engine/Content/EngineSky/VolumetricClouds/m_SimpleVolumetricCloud_Inst.uasset" 574
"../../../Engine/Content/EngineSky/VolumetricClouds/m_SimpleVolumetricCloud_Inst.uexp" 575
"../../../Engine/Content/MobileResources/HUD/VirtualJoystick_Background.uasset" 576
"../../../Engine/Content/MobileResources/HUD/VirtualJoystick_Background.uexp" 577
"../../../Engine/Content/MobileResources/HUD/VirtualJoystick_Thumb.uasset" 578
"../../../Engine/Content/MobileResources/HUD/VirtualJoystick_Thumb.uexp" 579
"../../../Engine/Content/MobileResources/HUD/DefaultVirtualJoysticks.uasset" 580
"../../../Engine/Content/MobileResources/HUD/DefaultVirtualJoysticks.uexp" 581
"../../../Engine/Content/EngineResources/FilmGrains/Marcie_Grain_v3_128_M2_000.uasset" 582
"../../../Engine/Content/EngineResources/FilmGrains/Marcie_Grain_v3_128_M2_000.uexp" 583
"../../../Engine/Content/EditorResources/SequenceRecorder/RecordingIndicator.uasset" 584
"../../../Engine/Content/EditorResources/SequenceRecorder/RecordingIndicator.uexp" 585
"../../../Engine/Content/EditorResources/SequenceRecorder/Countdown.uasset" 586
"../../../Engine/Content/EditorResources/SequenceRecorder/Countdown.uexp" 587
"E:/Epic Games/project/AndroidGame/Content/LevelPrototyping/Materials/MI_PrototypeGrid_Gray.uasset" 588
"E:/Epic Games/project/AndroidGame/Content/LevelPrototyping/Materials/MI_PrototypeGrid_Gray.uexp" 589
"E:/Epic Games/project/AndroidGame/Content/LevelPrototyping/Meshes/SM_Ramp.uasset" 590
"E:/Epic Games/project/AndroidGame/Content/LevelPrototyping/Meshes/SM_Ramp.uexp" 591
"E:/Epic Games/project/AndroidGame/Content/LevelPrototyping/Meshes/SM_QuarterCylinder.uasset" 592
"E:/Epic Games/project/AndroidGame/Content/LevelPrototyping/Meshes/SM_QuarterCylinder.uexp" 593
"E:/Epic Games/project/AndroidGame/Content/LevelPrototyping/Meshes/SM_Cylinder.uasset" 594
"E:/Epic Games/project/AndroidGame/Content/LevelPrototyping/Meshes/SM_Cylinder.uexp" 595
"E:/Epic Games/project/AndroidGame/Content/LevelPrototyping/Meshes/SM_Cube.uasset" 596
"E:/Epic Games/project/AndroidGame/Content/LevelPrototyping/Meshes/SM_Cube.uexp" 597
"E:/Epic Games/project/AndroidGame/Content/LevelPrototyping/Materials/M_Solid.uasset" 598
"E:/Epic Games/project/AndroidGame/Content/LevelPrototyping/Materials/M_Solid.uexp" 599
"E:/Epic Games/project/AndroidGame/Content/LevelPrototyping/Materials/MI_Solid_Blue.uasset" 600
"E:/Epic Games/project/AndroidGame/Content/LevelPrototyping/Materials/MI_Solid_Blue.uexp" 601
"E:/Epic Games/project/AndroidGame/Content/LevelPrototyping/Meshes/SM_ChamferCube.uasset" 602
"E:/Epic Games/project/AndroidGame/Content/LevelPrototyping/Meshes/SM_ChamferCube.uexp" 603
"E:/Epic Games/project/AndroidGame/Content/FPWeapon/Materials/MaterialLayers/T_ML_FineRubber.ubulk" 604
"E:/Epic Games/project/AndroidGame/Content/FPWeapon/Materials/MaterialLayers/T_ML_FineRubber.uasset" 605
"E:/Epic Games/project/AndroidGame/Content/FPWeapon/Materials/MaterialLayers/T_ML_FineRubber.uexp" 606
"../../../Engine/Content/Maps/Templates/HLODs/HLODLayer_Merged.uasset" 607
"../../../Engine/Content/Maps/Templates/HLODs/HLODLayer_Merged.uexp" 608
"../../../Engine/Content/Functions/Engine_MaterialFunctions01/Shading/PowerToRoughness.uasset" 609
"../../../Engine/Content/Functions/Engine_MaterialFunctions01/Shading/PowerToRoughness.uexp" 610
"../../../Engine/Content/Functions/Engine_MaterialFunctions01/Shading/ConvertFromDiffSpec.uasset" 611
"../../../Engine/Content/Functions/Engine_MaterialFunctions01/Shading/ConvertFromDiffSpec.uexp" 612
"../../../Engine/Content/Maps/Entry_BuiltData.uasset" 613
"../../../Engine/Content/Maps/Entry_BuiltData.uexp" 614
"../../../Engine/Content/Maps/Entry.uexp" 615
"../../../Engine/Content/Maps/Entry.umap" 616
"../../../Engine/Content/Maps/Templates/HLODs/HLODLayer_Instanced.uasset" 617
"../../../Engine/Content/Maps/Templates/HLODs/HLODLayer_Instanced.uexp" 618
"E:/Epic Games/project/AndroidGame/Content/FirstPerson/Maps/FirstPersonMap.uexp" 619
"E:/Epic Games/project/AndroidGame/Content/FirstPerson/Maps/FirstPersonMap.umap" 620
